<?xml version="1.0" encoding="UTF-8"?>
<testsuite xmlns:xsi="http://www.w3.org/2001/XMLSchema-instance" xsi:noNamespaceSchemaLocation="https://maven.apache.org/surefire/maven-surefire-plugin/xsd/surefire-test-report-3.0.xsd" version="3.0" name="BacktrackingSudokuSolverTest" time="0.719" tests="5" errors="0" skipped="0" failures="0">
  <properties>
[...]
</properties>
  <testcase name="isToStringReturningString" classname="BacktrackingSudokuSolverTest" time="0.036"/>
  <testcase name="hashCodeAndEqualsTest" classname="BacktrackingSudokuSolverTest" time="0.002"/>
  <testcase name="areBoardsDifferent" classname="BacktrackingSudokuSolverTest" time="0.271">
    <system-err><![CDATA[kwi 27, 2021 6:56:31 PM com.ad.sudoku.model.SudokuBoard solveGame
INFO: Solving the game...
kwi 27, 2021 6:56:31 PM com.ad.sudoku.model.SudokuField setValue
INFO: SudokuField changed value from 0 to 5
kwi 27, 2021 6:56:31 PM com.ad.sudoku.model.SudokuField setValue
INFO: SudokuField changed value from 0 to 4
kwi 27, 2021 6:56:31 PM com.ad.sudoku.model.SudokuField setValue
INFO: SudokuField changed value from 0 to 2
kwi 27, 2021 6:56:31 PM com.ad.sudoku.model.SudokuField setValue
INFO: SudokuField changed value from 0 to 5
kwi 27, 2021 6:56:31 PM com.ad.sudoku.model.SudokuField setValue
INFO: SudokuField changed value from 5 to 9
kwi 27, 2021 6:56:31 PM com.ad.sudoku.model.SudokuField setValue
INFO: SudokuField changed value from 0 to 4
kwi 27, 2021 6:56:31 PM com.ad.sudoku.model.SudokuField setValue
INFO: SudokuField changed value from 4 to 1
kwi 27, 2021 6:56:31 PM com.ad.sudoku.model.SudokuField setValue
INFO: SudokuField changed value from 0 to 5
kwi 27, 2021 6:56:31 PM com.ad.sudoku.model.SudokuField setValue
INFO: SudokuField changed value from 5 to 2
kwi 27, 2021 6:56:31 PM com.ad.sudoku.model.SudokuField setValue
INFO: SudokuField changed value from 2 to 1
kwi 27, 2021 6:56:31 PM com.ad.sudoku.model.SudokuField setValue
INFO: SudokuField changed value from 1 to 6
kwi 27, 2021 6:56:31 PM com.ad.sudoku.model.SudokuField setValue
INFO: SudokuField changed value from 0 to 5
kwi 27, 2021 6:56:31 PM com.ad.sudoku.model.SudokuField setValue
INFO: SudokuField changed value from 5 to 4
kwi 27, 2021 6:56:31 PM com.ad.sudoku.model.SudokuField setValue
INFO: SudokuField changed value from 4 to 7
kwi 27, 2021 6:56:31 PM com.ad.sudoku.model.SudokuField setValue
INFO: SudokuField changed value from 0 to 1
kwi 27, 2021 6:56:31 PM com.ad.sudoku.model.SudokuField setValue
INFO: SudokuField changed value from 1 to 8
kwi 27, 2021 6:56:31 PM com.ad.sudoku.model.SudokuField setValue
INFO: SudokuField changed value from 0 to 8
kwi 27, 2021 6:56:31 PM com.ad.sudoku.model.SudokuField setValue
INFO: SudokuField changed value from 8 to 1
kwi 27, 2021 6:56:31 PM com.ad.sudoku.model.SudokuField setValue
INFO: SudokuField changed value from 1 to 2
kwi 27, 2021 6:56:31 PM com.ad.sudoku.model.SudokuField setValue
INFO: SudokuField changed value from 2 to 5
kwi 27, 2021 6:56:31 PM com.ad.sudoku.model.SudokuField setValue
INFO: SudokuField changed value from 5 to 3
kwi 27, 2021 6:56:31 PM com.ad.sudoku.model.SudokuField setValue
INFO: SudokuField changed value from 0 to 8
kwi 27, 2021 6:56:31 PM com.ad.sudoku.model.SudokuField setValue
INFO: SudokuField changed value from 0 to 8
kwi 27, 2021 6:56:31 PM com.ad.sudoku.model.SudokuField setValue
INFO: SudokuField changed value from 8 to 1
kwi 27, 2021 6:56:31 PM com.ad.sudoku.model.SudokuField setValue
INFO: SudokuField changed value from 0 to 7
kwi 27, 2021 6:56:31 PM com.ad.sudoku.model.SudokuField setValue
INFO: SudokuField changed value from 0 to 4
kwi 27, 2021 6:56:31 PM com.ad.sudoku.model.SudokuField setValue
INFO: SudokuField changed value from 0 to 6
kwi 27, 2021 6:56:31 PM com.ad.sudoku.model.SudokuField setValue
INFO: SudokuField changed value from 6 to 3
kwi 27, 2021 6:56:31 PM com.ad.sudoku.model.SudokuField setValue
INFO: SudokuField changed value from 0 to 8
kwi 27, 2021 6:56:31 PM com.ad.sudoku.model.SudokuField setValue
INFO: SudokuField changed value from 8 to 2
kwi 27, 2021 6:56:31 PM com.ad.sudoku.model.SudokuField setValue
INFO: SudokuField changed value from 0 to 9
kwi 27, 2021 6:56:31 PM com.ad.sudoku.model.SudokuField setValue
INFO: SudokuField changed value from 0 to 2
kwi 27, 2021 6:56:31 PM com.ad.sudoku.model.SudokuField setValue
INFO: SudokuField changed value from 2 to 5
kwi 27, 2021 6:56:31 PM com.ad.sudoku.model.SudokuField setValue
INFO: SudokuField changed value from 0 to 9
kwi 27, 2021 6:56:31 PM com.ad.sudoku.model.SudokuField setValue
INFO: SudokuField changed value from 9 to 7
kwi 27, 2021 6:56:31 PM com.ad.sudoku.model.SudokuField setValue
INFO: SudokuField changed value from 7 to 6
kwi 27, 2021 6:56:31 PM com.ad.sudoku.model.SudokuField setValue
INFO: SudokuField changed value from 0 to 1
kwi 27, 2021 6:56:31 PM com.ad.sudoku.model.SudokuField setValue
INFO: SudokuField changed value from 1 to 7
kwi 27, 2021 6:56:31 PM com.ad.sudoku.model.SudokuField setValue
INFO: SudokuField changed value from 7 to 8
kwi 27, 2021 6:56:31 PM com.ad.sudoku.model.SudokuField setValue
INFO: SudokuField changed value from 8 to 2
kwi 27, 2021 6:56:31 PM com.ad.sudoku.model.SudokuField setValue
INFO: SudokuField changed value from 2 to 9
kwi 27, 2021 6:56:31 PM com.ad.sudoku.model.SudokuField setValue
INFO: SudokuField changed value from 0 to 4
kwi 27, 2021 6:56:31 PM com.ad.sudoku.model.SudokuField setValue
INFO: SudokuField changed value from 4 to 6
kwi 27, 2021 6:56:31 PM com.ad.sudoku.model.SudokuField setValue
INFO: SudokuField changed value from 0 to 1
kwi 27, 2021 6:56:31 PM com.ad.sudoku.model.SudokuField setValue
INFO: SudokuField changed value from 1 to 5
kwi 27, 2021 6:56:31 PM com.ad.sudoku.model.SudokuField setValue
INFO: SudokuField changed value from 5 to 8
kwi 27, 2021 6:56:31 PM com.ad.sudoku.model.SudokuField setValue
INFO: SudokuField changed value from 8 to 9
kwi 27, 2021 6:56:31 PM com.ad.sudoku.model.SudokuField setValue
INFO: SudokuField changed value from 9 to 3
kwi 27, 2021 6:56:31 PM com.ad.sudoku.model.SudokuField setValue
INFO: SudokuField changed value from 0 to 2
kwi 27, 2021 6:56:31 PM com.ad.sudoku.model.SudokuField setValue
INFO: SudokuField changed value from 2 to 9
kwi 27, 2021 6:56:31 PM com.ad.sudoku.model.SudokuField setValue
INFO: SudokuField changed value from 9 to 1
kwi 27, 2021 6:56:31 PM com.ad.sudoku.model.SudokuField setValue
INFO: SudokuField changed value from 1 to 5
kwi 27, 2021 6:56:31 PM com.ad.sudoku.model.SudokuField setValue
INFO: SudokuField changed value from 0 to 1
kwi 27, 2021 6:56:31 PM com.ad.sudoku.model.SudokuField setValue
INFO: SudokuField changed value from 1 to 2
kwi 27, 2021 6:56:31 PM com.ad.sudoku.model.SudokuField setValue
INFO: SudokuField changed value from 2 to 4
kwi 27, 2021 6:56:31 PM com.ad.sudoku.model.SudokuField setValue
INFO: SudokuField changed value from 4 to 9
kwi 27, 2021 6:56:31 PM com.ad.sudoku.model.SudokuField setValue
INFO: SudokuField changed value from 9 to 5
kwi 27, 2021 6:56:31 PM com.ad.sudoku.model.SudokuField setValue
INFO: SudokuField changed value from 5 to 8
kwi 27, 2021 6:56:31 PM com.ad.sudoku.model.SudokuField setValue
INFO: SudokuField changed value from 0 to 8
kwi 27, 2021 6:56:31 PM com.ad.sudoku.model.SudokuField setValue
INFO: SudokuField changed value from 8 to 4
kwi 27, 2021 6:56:31 PM com.ad.sudoku.model.SudokuField setValue
INFO: SudokuField changed value from 4 to 9
kwi 27, 2021 6:56:31 PM com.ad.sudoku.model.SudokuField setValue
INFO: SudokuField changed value from 9 to 1
kwi 27, 2021 6:56:31 PM com.ad.sudoku.model.SudokuField setValue
INFO: SudokuField changed value from 1 to 3
kwi 27, 2021 6:56:31 PM com.ad.sudoku.model.SudokuField setValue
INFO: SudokuField changed value from 3 to 5
kwi 27, 2021 6:56:31 PM com.ad.sudoku.model.SudokuField setValue
INFO: SudokuField changed value from 5 to 2
kwi 27, 2021 6:56:31 PM com.ad.sudoku.model.SudokuField setValue
INFO: SudokuField changed value from 2 to 7
kwi 27, 2021 6:56:31 PM com.ad.sudoku.model.SudokuField setValue
INFO: SudokuField changed value from 0 to 9
kwi 27, 2021 6:56:31 PM com.ad.sudoku.model.SudokuField setValue
INFO: SudokuField changed value from 9 to 5
kwi 27, 2021 6:56:31 PM com.ad.sudoku.model.SudokuField setValue
INFO: SudokuField changed value from 5 to 6
kwi 27, 2021 6:56:31 PM com.ad.sudoku.model.SudokuField setValue
INFO: SudokuField changed value from 6 to 3
kwi 27, 2021 6:56:31 PM com.ad.sudoku.model.SudokuField setValue
INFO: SudokuField changed value from 3 to 4
kwi 27, 2021 6:56:31 PM com.ad.sudoku.model.SudokuField setValue
INFO: SudokuField changed value from 0 to 5
kwi 27, 2021 6:56:31 PM com.ad.sudoku.model.SudokuField setValue
INFO: SudokuField changed value from 5 to 3
kwi 27, 2021 6:56:31 PM com.ad.sudoku.model.SudokuField setValue
INFO: SudokuField changed value from 3 to 4
kwi 27, 2021 6:56:31 PM com.ad.sudoku.model.SudokuField setValue
INFO: SudokuField changed value from 4 to 2
kwi 27, 2021 6:56:31 PM com.ad.sudoku.model.SudokuField setValue
INFO: SudokuField changed value from 0 to 7
kwi 27, 2021 6:56:31 PM com.ad.sudoku.model.SudokuField setValue
INFO: SudokuField changed value from 7 to 2
kwi 27, 2021 6:56:31 PM com.ad.sudoku.model.SudokuField setValue
INFO: SudokuField changed value from 2 to 4
kwi 27, 2021 6:56:31 PM com.ad.sudoku.model.SudokuField setValue
INFO: SudokuField changed value from 4 to 1
kwi 27, 2021 6:56:31 PM com.ad.sudoku.model.SudokuField setValue
INFO: SudokuField changed value from 0 to 6
kwi 27, 2021 6:56:31 PM com.ad.sudoku.model.SudokuField setValue
INFO: SudokuField changed value from 0 to 5
kwi 27, 2021 6:56:31 PM com.ad.sudoku.model.SudokuField setValue
INFO: SudokuField changed value from 0 to 3
kwi 27, 2021 6:56:31 PM com.ad.sudoku.model.SudokuField setValue
INFO: SudokuField changed value from 3 to 1
kwi 27, 2021 6:56:31 PM com.ad.sudoku.model.SudokuField setValue
INFO: SudokuField changed value from 0 to 4
kwi 27, 2021 6:56:31 PM com.ad.sudoku.model.SudokuField setValue
INFO: SudokuField changed value from 4 to 8
kwi 27, 2021 6:56:31 PM com.ad.sudoku.model.SudokuField setValue
INFO: SudokuField changed value from 0 to 3
kwi 27, 2021 6:56:31 PM com.ad.sudoku.model.SudokuField setValue
INFO: SudokuField changed value from 3 to 2
kwi 27, 2021 6:56:31 PM com.ad.sudoku.model.SudokuField setValue
INFO: SudokuField changed value from 0 to 5
kwi 27, 2021 6:56:31 PM com.ad.sudoku.model.SudokuField setValue
INFO: SudokuField changed value from 5 to 1
kwi 27, 2021 6:56:31 PM com.ad.sudoku.model.SudokuField setValue
INFO: SudokuField changed value from 1 to 8
kwi 27, 2021 6:56:31 PM com.ad.sudoku.model.SudokuField setValue
INFO: SudokuField changed value from 8 to 4
kwi 27, 2021 6:56:31 PM com.ad.sudoku.model.SudokuField setValue
INFO: SudokuField changed value from 0 to 5
kwi 27, 2021 6:56:31 PM com.ad.sudoku.model.SudokuField setValue
INFO: SudokuField changed value from 5 to 4
kwi 27, 2021 6:56:31 PM com.ad.sudoku.model.SudokuField setValue
INFO: SudokuField changed value from 4 to 8
kwi 27, 2021 6:56:31 PM com.ad.sudoku.model.SudokuField setValue
INFO: SudokuField changed value from 8 to 9
kwi 27, 2021 6:56:31 PM com.ad.sudoku.model.SudokuField setValue
INFO: SudokuField changed value from 9 to 6
kwi 27, 2021 6:56:31 PM com.ad.sudoku.model.SudokuField setValue
INFO: SudokuField changed value from 6 to 3
kwi 27, 2021 6:56:31 PM com.ad.sudoku.model.SudokuField setValue
INFO: SudokuField changed value from 0 to 7
kwi 27, 2021 6:56:31 PM com.ad.sudoku.model.SudokuField setValue
INFO: SudokuField changed value from 0 to 3
kwi 27, 2021 6:56:31 PM com.ad.sudoku.model.SudokuField setValue
INFO: SudokuField changed value from 3 to 1
kwi 27, 2021 6:56:31 PM com.ad.sudoku.model.SudokuField setValue
INFO: SudokuField changed value from 1 to 9
kwi 27, 2021 6:56:31 PM com.ad.sudoku.model.SudokuField setValue
INFO: SudokuField changed value from 0 to 9
kwi 27, 2021 6:56:31 PM com.ad.sudoku.model.SudokuField setValue
INFO: SudokuField changed value from 9 to 4
kwi 27, 2021 6:56:31 PM com.ad.sudoku.model.SudokuField setValue
INFO: SudokuField changed value from 0 to 2
kwi 27, 2021 6:56:31 PM com.ad.sudoku.model.SudokuField setValue
INFO: SudokuField changed value from 0 to 6
kwi 27, 2021 6:56:31 PM com.ad.sudoku.model.SudokuField setValue
INFO: SudokuField changed value from 6 to 5
kwi 27, 2021 6:56:31 PM com.ad.sudoku.model.SudokuField setValue
INFO: SudokuField changed value from 5 to 8
kwi 27, 2021 6:56:31 PM com.ad.sudoku.model.SudokuField setValue
INFO: SudokuField changed value from 0 to 8
kwi 27, 2021 6:56:31 PM com.ad.sudoku.model.SudokuField setValue
INFO: SudokuField changed value from 8 to 6
kwi 27, 2021 6:56:31 PM com.ad.sudoku.model.SudokuField setValue
INFO: SudokuField changed value from 0 to 4
kwi 27, 2021 6:56:31 PM com.ad.sudoku.model.SudokuField setValue
INFO: SudokuField changed value from 4 to 2
kwi 27, 2021 6:56:31 PM com.ad.sudoku.model.SudokuField setValue
INFO: SudokuField changed value from 2 to 8
kwi 27, 2021 6:56:31 PM com.ad.sudoku.model.SudokuField setValue
INFO: SudokuField changed value from 8 to 3
kwi 27, 2021 6:56:31 PM com.ad.sudoku.model.SudokuField setValue
INFO: SudokuField changed value from 3 to 9
kwi 27, 2021 6:56:31 PM com.ad.sudoku.model.SudokuField setValue
INFO: SudokuField changed value from 0 to 2
kwi 27, 2021 6:56:31 PM com.ad.sudoku.model.SudokuField setValue
INFO: SudokuField changed value from 2 to 6
kwi 27, 2021 6:56:31 PM com.ad.sudoku.model.SudokuField setValue
INFO: SudokuField changed value from 6 to 9
kwi 27, 2021 6:56:31 PM com.ad.sudoku.model.SudokuField setValue
INFO: SudokuField changed value from 9 to 1
kwi 27, 2021 6:56:31 PM com.ad.sudoku.model.SudokuField setValue
INFO: SudokuField changed value from 0 to 2
kwi 27, 2021 6:56:31 PM com.ad.sudoku.model.SudokuField setValue
INFO: SudokuField changed value from 2 to 1
kwi 27, 2021 6:56:31 PM com.ad.sudoku.model.SudokuField setValue
INFO: SudokuField changed value from 1 to 6
kwi 27, 2021 6:56:31 PM com.ad.sudoku.model.SudokuField setValue
INFO: SudokuField changed value from 6 to 4
kwi 27, 2021 6:56:31 PM com.ad.sudoku.model.SudokuField setValue
INFO: SudokuField changed value from 4 to 7
kwi 27, 2021 6:56:31 PM com.ad.sudoku.model.SudokuField setValue
INFO: SudokuField changed value from 7 to 3
kwi 27, 2021 6:56:31 PM com.ad.sudoku.model.SudokuField setValue
INFO: SudokuField changed value from 3 to 8
kwi 27, 2021 6:56:31 PM com.ad.sudoku.model.SudokuField setValue
INFO: SudokuField changed value from 8 to 5
kwi 27, 2021 6:56:31 PM com.ad.sudoku.model.SudokuField setValue
INFO: SudokuField changed value from 0 to 4
kwi 27, 2021 6:56:31 PM com.ad.sudoku.model.SudokuField setValue
INFO: SudokuField changed value from 4 to 7
kwi 27, 2021 6:56:31 PM com.ad.sudoku.model.SudokuField setValue
INFO: SudokuField changed value from 7 to 5
kwi 27, 2021 6:56:31 PM com.ad.sudoku.model.SudokuField setValue
INFO: SudokuField changed value from 5 to 3
kwi 27, 2021 6:56:31 PM com.ad.sudoku.model.SudokuField setValue
INFO: SudokuField changed value from 3 to 1
kwi 27, 2021 6:56:31 PM com.ad.sudoku.model.SudokuField setValue
INFO: SudokuField changed value from 1 to 8
kwi 27, 2021 6:56:31 PM com.ad.sudoku.model.SudokuField setValue
INFO: SudokuField changed value from 8 to 2
kwi 27, 2021 6:56:31 PM com.ad.sudoku.model.SudokuField setValue
INFO: SudokuField changed value from 2 to 9
kwi 27, 2021 6:56:31 PM com.ad.sudoku.model.SudokuField setValue
INFO: SudokuField changed value from 9 to 6
kwi 27, 2021 6:56:31 PM com.ad.sudoku.model.SudokuField setValue
INFO: SudokuField changed value from 6 to 0
kwi 27, 2021 6:56:31 PM com.ad.sudoku.model.SudokuField setValue
INFO: SudokuField changed value from 5 to 9
kwi 27, 2021 6:56:31 PM com.ad.sudoku.model.SudokuField setValue
INFO: SudokuField changed value from 9 to 0
kwi 27, 2021 6:56:31 PM com.ad.sudoku.model.SudokuField setValue
INFO: SudokuField changed value from 1 to 3
kwi 27, 2021 6:56:31 PM com.ad.sudoku.model.SudokuField setValue
INFO: SudokuField changed value from 0 to 5
kwi 27, 2021 6:56:31 PM com.ad.sudoku.model.SudokuField setValue
INFO: SudokuField changed value from 0 to 1
kwi 27, 2021 6:56:31 PM com.ad.sudoku.model.SudokuField setValue
INFO: SudokuField changed value from 0 to 4
kwi 27, 2021 6:56:31 PM com.ad.sudoku.model.SudokuField setValue
INFO: SudokuField changed value from 4 to 6
kwi 27, 2021 6:56:31 PM com.ad.sudoku.model.SudokuField setValue
INFO: SudokuField changed value from 6 to 3
kwi 27, 2021 6:56:31 PM com.ad.sudoku.model.SudokuField setValue
INFO: SudokuField changed value from 3 to 1
kwi 27, 2021 6:56:31 PM com.ad.sudoku.model.SudokuField setValue
INFO: SudokuField changed value from 1 to 5
kwi 27, 2021 6:56:31 PM com.ad.sudoku.model.SudokuField setValue
INFO: SudokuField changed value from 5 to 7
kwi 27, 2021 6:56:31 PM com.ad.sudoku.model.SudokuField setValue
INFO: SudokuField changed value from 7 to 2
kwi 27, 2021 6:56:31 PM com.ad.sudoku.model.SudokuField setValue
INFO: SudokuField changed value from 2 to 9
kwi 27, 2021 6:56:31 PM com.ad.sudoku.model.SudokuField setValue
INFO: SudokuField changed value from 9 to 8
kwi 27, 2021 6:56:31 PM com.ad.sudoku.model.SudokuField setValue
INFO: SudokuField changed value from 8 to 0
kwi 27, 2021 6:56:31 PM com.ad.sudoku.model.SudokuField setValue
INFO: SudokuField changed value from 1 to 5
kwi 27, 2021 6:56:31 PM com.ad.sudoku.model.SudokuField setValue
INFO: SudokuField changed value from 5 to 8
kwi 27, 2021 6:56:31 PM com.ad.sudoku.model.SudokuField setValue
INFO: SudokuField changed value from 8 to 4
kwi 27, 2021 6:56:31 PM com.ad.sudoku.model.SudokuField setValue
INFO: SudokuField changed value from 4 to 6
kwi 27, 2021 6:56:31 PM com.ad.sudoku.model.SudokuField setValue
INFO: SudokuField changed value from 6 to 3
kwi 27, 2021 6:56:31 PM com.ad.sudoku.model.SudokuField setValue
INFO: SudokuField changed value from 3 to 7
kwi 27, 2021 6:56:31 PM com.ad.sudoku.model.SudokuField setValue
INFO: SudokuField changed value from 7 to 2
kwi 27, 2021 6:56:31 PM com.ad.sudoku.model.SudokuField setValue
INFO: SudokuField changed value from 2 to 9
kwi 27, 2021 6:56:31 PM com.ad.sudoku.model.SudokuField setValue
INFO: SudokuField changed value from 9 to 0
kwi 27, 2021 6:56:31 PM com.ad.sudoku.model.SudokuField setValue
INFO: SudokuField changed value from 5 to 4
kwi 27, 2021 6:56:31 PM com.ad.sudoku.model.SudokuField setValue
INFO: SudokuField changed value from 4 to 3
kwi 27, 2021 6:56:31 PM com.ad.sudoku.model.SudokuField setValue
INFO: SudokuField changed value from 3 to 2
kwi 27, 2021 6:56:31 PM com.ad.sudoku.model.SudokuField setValue
INFO: SudokuField changed value from 2 to 1
kwi 27, 2021 6:56:31 PM com.ad.sudoku.model.SudokuField setValue
INFO: SudokuField changed value from 0 to 3
kwi 27, 2021 6:56:31 PM com.ad.sudoku.model.SudokuField setValue
INFO: SudokuField changed value from 3 to 8
kwi 27, 2021 6:56:31 PM com.ad.sudoku.model.SudokuField setValue
INFO: SudokuField changed value from 8 to 5
kwi 27, 2021 6:56:31 PM com.ad.sudoku.model.SudokuField setValue
INFO: SudokuField changed value from 5 to 7
kwi 27, 2021 6:56:31 PM com.ad.sudoku.model.SudokuField setValue
INFO: SudokuField changed value from 7 to 1
kwi 27, 2021 6:56:31 PM com.ad.sudoku.model.SudokuField setValue
INFO: SudokuField changed value from 1 to 2
kwi 27, 2021 6:56:31 PM com.ad.sudoku.model.SudokuField setValue
INFO: SudokuField changed value from 2 to 4
kwi 27, 2021 6:56:31 PM com.ad.sudoku.model.SudokuField setValue
INFO: SudokuField changed value from 4 to 9
kwi 27, 2021 6:56:31 PM com.ad.sudoku.model.SudokuField setValue
INFO: SudokuField changed value from 9 to 6
kwi 27, 2021 6:56:31 PM com.ad.sudoku.model.SudokuField setValue
INFO: SudokuField changed value from 6 to 0
kwi 27, 2021 6:56:31 PM com.ad.sudoku.model.SudokuField setValue
INFO: SudokuField changed value from 1 to 6
kwi 27, 2021 6:56:31 PM com.ad.sudoku.model.SudokuField setValue
INFO: SudokuField changed value from 6 to 8
kwi 27, 2021 6:56:31 PM com.ad.sudoku.model.SudokuField setValue
INFO: SudokuField changed value from 8 to 7
kwi 27, 2021 6:56:31 PM com.ad.sudoku.model.SudokuField setValue
INFO: SudokuField changed value from 7 to 9
kwi 27, 2021 6:56:31 PM com.ad.sudoku.model.SudokuField setValue
INFO: SudokuField changed value from 9 to 0
kwi 27, 2021 6:56:31 PM com.ad.sudoku.model.SudokuField setValue
INFO: SudokuField changed value from 3 to 4
kwi 27, 2021 6:56:31 PM com.ad.sudoku.model.SudokuField setValue
INFO: SudokuField changed value from 4 to 8
kwi 27, 2021 6:56:31 PM com.ad.sudoku.model.SudokuField setValue
INFO: SudokuField changed value from 8 to 5
kwi 27, 2021 6:56:31 PM com.ad.sudoku.model.SudokuField setValue
INFO: SudokuField changed value from 0 to 8
kwi 27, 2021 6:56:31 PM com.ad.sudoku.model.SudokuField setValue
INFO: SudokuField changed value from 8 to 6
kwi 27, 2021 6:56:31 PM com.ad.sudoku.model.SudokuField setValue
INFO: SudokuField changed value from 6 to 2
kwi 27, 2021 6:56:31 PM com.ad.sudoku.model.SudokuField setValue
INFO: SudokuField changed value from 2 to 9
kwi 27, 2021 6:56:31 PM com.ad.sudoku.model.SudokuField setValue
INFO: SudokuField changed value from 9 to 3
kwi 27, 2021 6:56:31 PM com.ad.sudoku.model.SudokuField setValue
INFO: SudokuField changed value from 3 to 4
kwi 27, 2021 6:56:31 PM com.ad.sudoku.model.SudokuField setValue
INFO: SudokuField changed value from 4 to 5
kwi 27, 2021 6:56:31 PM com.ad.sudoku.model.SudokuField setValue
INFO: SudokuField changed value from 5 to 1
kwi 27, 2021 6:56:31 PM com.ad.sudoku.model.SudokuField setValue
INFO: SudokuField changed value from 0 to 8
kwi 27, 2021 6:56:31 PM com.ad.sudoku.model.SudokuField setValue
INFO: SudokuField changed value from 8 to 4
kwi 27, 2021 6:56:31 PM com.ad.sudoku.model.SudokuField setValue
INFO: SudokuField changed value from 4 to 1
kwi 27, 2021 6:56:31 PM com.ad.sudoku.model.SudokuField setValue
INFO: SudokuField changed value from 1 to 9
kwi 27, 2021 6:56:31 PM com.ad.sudoku.model.SudokuField setValue
INFO: SudokuField changed value from 9 to 6
kwi 27, 2021 6:56:31 PM com.ad.sudoku.model.SudokuField setValue
INFO: SudokuField changed value from 6 to 7
kwi 27, 2021 6:56:31 PM com.ad.sudoku.model.SudokuField setValue
INFO: SudokuField changed value from 7 to 5
kwi 27, 2021 6:56:31 PM com.ad.sudoku.model.SudokuField setValue
INFO: SudokuField changed value from 5 to 2
kwi 27, 2021 6:56:31 PM com.ad.sudoku.model.SudokuField setValue
INFO: SudokuField changed value from 2 to 3
kwi 27, 2021 6:56:31 PM com.ad.sudoku.model.SudokuField setValue
INFO: SudokuField changed value from 3 to 0
kwi 27, 2021 6:56:31 PM com.ad.sudoku.model.SudokuField setValue
INFO: SudokuField changed value from 1 to 7
kwi 27, 2021 6:56:31 PM com.ad.sudoku.model.SudokuField setValue
INFO: SudokuField changed value from 7 to 0
kwi 27, 2021 6:56:31 PM com.ad.sudoku.model.SudokuField setValue
INFO: SudokuField changed value from 5 to 7
kwi 27, 2021 6:56:31 PM com.ad.sudoku.model.SudokuField setValue
INFO: SudokuField changed value from 7 to 0
kwi 27, 2021 6:56:31 PM com.ad.sudoku.model.SudokuField setValue
INFO: SudokuField changed value from 9 to 7
kwi 27, 2021 6:56:31 PM com.ad.sudoku.model.SudokuField setValue
INFO: SudokuField changed value from 0 to 3
kwi 27, 2021 6:56:31 PM com.ad.sudoku.model.SudokuField setValue
INFO: SudokuField changed value from 0 to 4
kwi 27, 2021 6:56:31 PM com.ad.sudoku.model.SudokuField setValue
INFO: SudokuField changed value from 4 to 8
kwi 27, 2021 6:56:31 PM com.ad.sudoku.model.SudokuField setValue
INFO: SudokuField changed value from 8 to 7
kwi 27, 2021 6:56:31 PM com.ad.sudoku.model.SudokuField setValue
INFO: SudokuField changed value from 7 to 2
kwi 27, 2021 6:56:31 PM com.ad.sudoku.model.SudokuField setValue
INFO: SudokuField changed value from 2 to 6
kwi 27, 2021 6:56:31 PM com.ad.sudoku.model.SudokuField setValue
INFO: SudokuField changed value from 6 to 5
kwi 27, 2021 6:56:31 PM com.ad.sudoku.model.SudokuField setValue
INFO: SudokuField changed value from 0 to 2
kwi 27, 2021 6:56:31 PM com.ad.sudoku.model.SudokuField setValue
INFO: SudokuField changed value from 2 to 7
kwi 27, 2021 6:56:31 PM com.ad.sudoku.model.SudokuField setValue
INFO: SudokuField changed value from 7 to 5
kwi 27, 2021 6:56:31 PM com.ad.sudoku.model.SudokuField setValue
INFO: SudokuField changed value from 5 to 3
kwi 27, 2021 6:56:31 PM com.ad.sudoku.model.SudokuField setValue
INFO: SudokuField changed value from 3 to 9
kwi 27, 2021 6:56:31 PM com.ad.sudoku.model.SudokuField setValue
INFO: SudokuField changed value from 9 to 1
kwi 27, 2021 6:56:31 PM com.ad.sudoku.model.SudokuField setValue
INFO: SudokuField changed value from 0 to 9
kwi 27, 2021 6:56:31 PM com.ad.sudoku.model.SudokuField setValue
INFO: SudokuField changed value from 9 to 4
kwi 27, 2021 6:56:31 PM com.ad.sudoku.model.SudokuField setValue
INFO: SudokuField changed value from 4 to 3
kwi 27, 2021 6:56:31 PM com.ad.sudoku.model.SudokuField setValue
INFO: SudokuField changed value from 3 to 8
kwi 27, 2021 6:56:31 PM com.ad.sudoku.model.SudokuField setValue
INFO: SudokuField changed value from 8 to 1
kwi 27, 2021 6:56:31 PM com.ad.sudoku.model.SudokuField setValue
INFO: SudokuField changed value from 1 to 6
kwi 27, 2021 6:56:31 PM com.ad.sudoku.model.SudokuField setValue
INFO: SudokuField changed value from 6 to 7
kwi 27, 2021 6:56:31 PM com.ad.sudoku.model.SudokuField setValue
INFO: SudokuField changed value from 7 to 5
kwi 27, 2021 6:56:31 PM com.ad.sudoku.model.SudokuField setValue
INFO: SudokuField changed value from 5 to 2
kwi 27, 2021 6:56:31 PM com.ad.sudoku.model.SudokuField setValue
INFO: SudokuField changed value from 2 to 0
kwi 27, 2021 6:56:31 PM com.ad.sudoku.model.SudokuField setValue
INFO: SudokuField changed value from 1 to 4
kwi 27, 2021 6:56:31 PM com.ad.sudoku.model.SudokuField setValue
INFO: SudokuField changed value from 4 to 8
kwi 27, 2021 6:56:31 PM com.ad.sudoku.model.SudokuField setValue
INFO: SudokuField changed value from 8 to 6
kwi 27, 2021 6:56:31 PM com.ad.sudoku.model.SudokuField setValue
INFO: SudokuField changed value from 6 to 0
kwi 27, 2021 6:56:31 PM com.ad.sudoku.model.SudokuField setValue
INFO: SudokuField changed value from 5 to 1
kwi 27, 2021 6:56:31 PM com.ad.sudoku.model.SudokuField setValue
INFO: SudokuField changed value from 0 to 8
kwi 27, 2021 6:56:31 PM com.ad.sudoku.model.SudokuField setValue
INFO: SudokuField changed value from 8 to 5
kwi 27, 2021 6:56:31 PM com.ad.sudoku.model.SudokuField setValue
INFO: SudokuField changed value from 5 to 3
kwi 27, 2021 6:56:31 PM com.ad.sudoku.model.SudokuField setValue
INFO: SudokuField changed value from 3 to 4
kwi 27, 2021 6:56:31 PM com.ad.sudoku.model.SudokuField setValue
INFO: SudokuField changed value from 4 to 7
kwi 27, 2021 6:56:31 PM com.ad.sudoku.model.SudokuField setValue
INFO: SudokuField changed value from 7 to 6
kwi 27, 2021 6:56:31 PM com.ad.sudoku.model.SudokuField setValue
INFO: SudokuField changed value from 6 to 1
kwi 27, 2021 6:56:31 PM com.ad.sudoku.model.SudokuField setValue
INFO: SudokuField changed value from 1 to 2
kwi 27, 2021 6:56:31 PM com.ad.sudoku.model.SudokuField setValue
INFO: SudokuField changed value from 2 to 9
kwi 27, 2021 6:56:31 PM com.ad.sudoku.model.SudokuField setValue
INFO: SudokuField changed value from 9 to 0
kwi 27, 2021 6:56:31 PM com.ad.sudoku.model.SudokuField setValue
INFO: SudokuField changed value from 1 to 3
kwi 27, 2021 6:56:31 PM com.ad.sudoku.model.SudokuField setValue
INFO: SudokuField changed value from 3 to 9
kwi 27, 2021 6:56:31 PM com.ad.sudoku.model.SudokuField setValue
INFO: SudokuField changed value from 9 to 0
kwi 27, 2021 6:56:31 PM com.ad.sudoku.model.SudokuField setValue
INFO: SudokuField changed value from 3 to 1
kwi 27, 2021 6:56:31 PM com.ad.sudoku.model.SudokuField setValue
INFO: SudokuField changed value from 0 to 3
kwi 27, 2021 6:56:31 PM com.ad.sudoku.model.SudokuField setValue
INFO: SudokuField changed value from 3 to 1
kwi 27, 2021 6:56:31 PM com.ad.sudoku.model.SudokuField setValue
INFO: SudokuField changed value from 1 to 5
kwi 27, 2021 6:56:31 PM com.ad.sudoku.model.SudokuField setValue
INFO: SudokuField changed value from 0 to 7
kwi 27, 2021 6:56:31 PM com.ad.sudoku.model.SudokuField setValue
INFO: SudokuField changed value from 7 to 1
kwi 27, 2021 6:56:31 PM com.ad.sudoku.model.SudokuField setValue
INFO: SudokuField changed value from 1 to 4
kwi 27, 2021 6:56:31 PM com.ad.sudoku.model.SudokuField setValue
INFO: SudokuField changed value from 4 to 8
kwi 27, 2021 6:56:31 PM com.ad.sudoku.model.SudokuField setValue
INFO: SudokuField changed value from 8 to 3
kwi 27, 2021 6:56:31 PM com.ad.sudoku.model.SudokuField setValue
INFO: SudokuField changed value from 3 to 5
kwi 27, 2021 6:56:31 PM com.ad.sudoku.model.SudokuField setValue
INFO: SudokuField changed value from 5 to 9
kwi 27, 2021 6:56:31 PM com.ad.sudoku.model.SudokuField setValue
INFO: SudokuField changed value from 9 to 2
kwi 27, 2021 6:56:31 PM com.ad.sudoku.model.SudokuField setValue
INFO: SudokuField changed value from 2 to 6
kwi 27, 2021 6:56:31 PM com.ad.sudoku.model.SudokuField setValue
INFO: SudokuField changed value from 6 to 0
kwi 27, 2021 6:56:31 PM com.ad.sudoku.model.SudokuField setValue
INFO: SudokuField changed value from 5 to 2
kwi 27, 2021 6:56:31 PM com.ad.sudoku.model.SudokuField setValue
INFO: SudokuField changed value from 2 to 7
kwi 27, 2021 6:56:31 PM com.ad.sudoku.model.SudokuField setValue
INFO: SudokuField changed value from 7 to 4
kwi 27, 2021 6:56:31 PM com.ad.sudoku.model.SudokuField setValue
INFO: SudokuField changed value from 4 to 9
kwi 27, 2021 6:56:31 PM com.ad.sudoku.model.SudokuField setValue
INFO: SudokuField changed value from 9 to 6
kwi 27, 2021 6:56:31 PM com.ad.sudoku.model.SudokuField setValue
INFO: SudokuField changed value from 6 to 8
kwi 27, 2021 6:56:31 PM com.ad.sudoku.model.SudokuField setValue
INFO: SudokuField changed value from 8 to 0
kwi 27, 2021 6:56:31 PM com.ad.sudoku.model.SudokuField setValue
INFO: SudokuField changed value from 1 to 9
kwi 27, 2021 6:56:31 PM com.ad.sudoku.model.SudokuField setValue
INFO: SudokuField changed value from 0 to 4
kwi 27, 2021 6:56:31 PM com.ad.sudoku.model.SudokuField setValue
INFO: SudokuField changed value from 4 to 2
kwi 27, 2021 6:56:31 PM com.ad.sudoku.model.SudokuField setValue
INFO: SudokuField changed value from 2 to 1
kwi 27, 2021 6:56:31 PM com.ad.sudoku.model.SudokuField setValue
INFO: SudokuField changed value from 0 to 1
kwi 27, 2021 6:56:31 PM com.ad.sudoku.model.SudokuField setValue
INFO: SudokuField changed value from 1 to 4
kwi 27, 2021 6:56:31 PM com.ad.sudoku.model.SudokuField setValue
INFO: SudokuField changed value from 4 to 7
kwi 27, 2021 6:56:31 PM com.ad.sudoku.model.SudokuField setValue
INFO: SudokuField changed value from 7 to 2
kwi 27, 2021 6:56:31 PM com.ad.sudoku.model.SudokuField setValue
INFO: SudokuField changed value from 2 to 8
kwi 27, 2021 6:56:31 PM com.ad.sudoku.model.SudokuField setValue
INFO: SudokuField changed value from 8 to 9
kwi 27, 2021 6:56:31 PM com.ad.sudoku.model.SudokuField setValue
INFO: SudokuField changed value from 9 to 6
kwi 27, 2021 6:56:31 PM com.ad.sudoku.model.SudokuField setValue
INFO: SudokuField changed value from 6 to 5
kwi 27, 2021 6:56:31 PM com.ad.sudoku.model.SudokuField setValue
INFO: SudokuField changed value from 5 to 3
kwi 27, 2021 6:56:31 PM com.ad.sudoku.model.SudokuField setValue
INFO: SudokuField changed value from 3 to 0
kwi 27, 2021 6:56:31 PM com.ad.sudoku.model.SudokuField setValue
INFO: SudokuField changed value from 1 to 5
kwi 27, 2021 6:56:31 PM com.ad.sudoku.model.SudokuField setValue
INFO: SudokuField changed value from 0 to 7
kwi 27, 2021 6:56:31 PM com.ad.sudoku.model.SudokuField setValue
INFO: SudokuField changed value from 7 to 5
kwi 27, 2021 6:56:31 PM com.ad.sudoku.model.SudokuField setValue
INFO: SudokuField changed value from 5 to 9
kwi 27, 2021 6:56:31 PM com.ad.sudoku.model.SudokuField setValue
INFO: SudokuField changed value from 9 to 4
kwi 27, 2021 6:56:31 PM com.ad.sudoku.model.SudokuField setValue
INFO: SudokuField changed value from 4 to 8
kwi 27, 2021 6:56:31 PM com.ad.sudoku.model.SudokuField setValue
INFO: SudokuField changed value from 8 to 3
kwi 27, 2021 6:56:31 PM com.ad.sudoku.model.SudokuField setValue
INFO: SudokuField changed value from 3 to 1
kwi 27, 2021 6:56:31 PM com.ad.sudoku.model.SudokuField setValue
INFO: SudokuField changed value from 0 to 3
kwi 27, 2021 6:56:31 PM com.ad.sudoku.model.SudokuField setValue
INFO: SudokuField changed value from 3 to 9
kwi 27, 2021 6:56:31 PM com.ad.sudoku.model.SudokuField setValue
INFO: SudokuField changed value from 9 to 5
kwi 27, 2021 6:56:31 PM com.ad.sudoku.model.SudokuField setValue
INFO: SudokuField changed value from 5 to 1
kwi 27, 2021 6:56:31 PM com.ad.sudoku.model.SudokuField setValue
INFO: SudokuField changed value from 1 to 2
kwi 27, 2021 6:56:31 PM com.ad.sudoku.model.SudokuField setValue
INFO: SudokuField changed value from 2 to 7
kwi 27, 2021 6:56:31 PM com.ad.sudoku.model.SudokuField setValue
INFO: SudokuField changed value from 7 to 4
kwi 27, 2021 6:56:31 PM com.ad.sudoku.model.SudokuField setValue
INFO: SudokuField changed value from 4 to 6
kwi 27, 2021 6:56:31 PM com.ad.sudoku.model.SudokuField setValue
INFO: SudokuField changed value from 6 to 8
kwi 27, 2021 6:56:31 PM com.ad.sudoku.model.SudokuField setValue
INFO: SudokuField changed value from 8 to 0
kwi 27, 2021 6:56:31 PM com.ad.sudoku.model.SudokuField setValue
INFO: SudokuField changed value from 1 to 2
kwi 27, 2021 6:56:31 PM com.ad.sudoku.model.SudokuField setValue
INFO: SudokuField changed value from 2 to 6
kwi 27, 2021 6:56:31 PM com.ad.sudoku.model.SudokuField setValue
INFO: SudokuField changed value from 6 to 0
kwi 27, 2021 6:56:31 PM com.ad.sudoku.model.SudokuField setValue
INFO: SudokuField changed value from 5 to 6
kwi 27, 2021 6:56:31 PM com.ad.sudoku.model.SudokuField setValue
INFO: SudokuField changed value from 6 to 9
kwi 27, 2021 6:56:31 PM com.ad.sudoku.model.SudokuField setValue
INFO: SudokuField changed value from 9 to 8
kwi 27, 2021 6:56:31 PM com.ad.sudoku.model.SudokuField setValue
INFO: SudokuField changed value from 8 to 7
kwi 27, 2021 6:56:31 PM com.ad.sudoku.model.SudokuField setValue
INFO: SudokuField changed value from 7 to 3
kwi 27, 2021 6:56:31 PM com.ad.sudoku.model.SudokuField setValue
INFO: SudokuField changed value from 3 to 0
kwi 27, 2021 6:56:31 PM com.ad.sudoku.model.SudokuField setValue
INFO: SudokuField changed value from 9 to 6
kwi 27, 2021 6:56:31 PM com.ad.sudoku.model.SudokuField setValue
INFO: SudokuField changed value from 6 to 8
kwi 27, 2021 6:56:31 PM com.ad.sudoku.model.SudokuField setValue
INFO: SudokuField changed value from 8 to 7
kwi 27, 2021 6:56:31 PM com.ad.sudoku.model.SudokuField setValue
INFO: SudokuField changed value from 7 to 5
kwi 27, 2021 6:56:31 PM com.ad.sudoku.model.SudokuField setValue
INFO: SudokuField changed value from 0 to 8
kwi 27, 2021 6:56:31 PM com.ad.sudoku.model.SudokuField setValue
INFO: SudokuField changed value from 8 to 7
kwi 27, 2021 6:56:31 PM com.ad.sudoku.model.SudokuField setValue
INFO: SudokuField changed value from 7 to 9
kwi 27, 2021 6:56:31 PM com.ad.sudoku.model.SudokuField setValue
INFO: SudokuField changed value from 9 to 1
kwi 27, 2021 6:56:31 PM com.ad.sudoku.model.SudokuField setValue
INFO: SudokuField changed value from 0 to 6
kwi 27, 2021 6:56:31 PM com.ad.sudoku.model.SudokuField setValue
INFO: SudokuField changed value from 6 to 9
kwi 27, 2021 6:56:31 PM com.ad.sudoku.model.SudokuField setValue
INFO: SudokuField changed value from 9 to 8
kwi 27, 2021 6:56:31 PM com.ad.sudoku.model.SudokuField setValue
INFO: SudokuField changed value from 8 to 2
kwi 27, 2021 6:56:31 PM com.ad.sudoku.model.SudokuField setValue
INFO: SudokuField changed value from 2 to 5
kwi 27, 2021 6:56:31 PM com.ad.sudoku.model.SudokuField setValue
INFO: SudokuField changed value from 5 to 3
kwi 27, 2021 6:56:31 PM com.ad.sudoku.model.SudokuField setValue
INFO: SudokuField changed value from 3 to 7
kwi 27, 2021 6:56:31 PM com.ad.sudoku.model.SudokuField setValue
INFO: SudokuField changed value from 7 to 1
kwi 27, 2021 6:56:31 PM com.ad.sudoku.model.SudokuField setValue
INFO: SudokuField changed value from 1 to 4
kwi 27, 2021 6:56:31 PM com.ad.sudoku.model.SudokuField setValue
INFO: SudokuField changed value from 4 to 0
kwi 27, 2021 6:56:31 PM com.ad.sudoku.model.SudokuField setValue
INFO: SudokuField changed value from 1 to 4
kwi 27, 2021 6:56:31 PM com.ad.sudoku.model.SudokuField setValue
INFO: SudokuField changed value from 4 to 6
kwi 27, 2021 6:56:31 PM com.ad.sudoku.model.SudokuField setValue
INFO: SudokuField changed value from 6 to 2
kwi 27, 2021 6:56:31 PM com.ad.sudoku.model.SudokuField setValue
INFO: SudokuField changed value from 2 to 5
kwi 27, 2021 6:56:31 PM com.ad.sudoku.model.SudokuField setValue
INFO: SudokuField changed value from 5 to 3
kwi 27, 2021 6:56:31 PM com.ad.sudoku.model.SudokuField setValue
INFO: SudokuField changed value from 3 to 0
kwi 27, 2021 6:56:31 PM com.ad.sudoku.model.SudokuField setValue
INFO: SudokuField changed value from 5 to 2
kwi 27, 2021 6:56:31 PM com.ad.sudoku.model.SudokuField setValue
INFO: SudokuField changed value from 2 to 4
kwi 27, 2021 6:56:31 PM com.ad.sudoku.model.SudokuField setValue
INFO: SudokuField changed value from 4 to 0
kwi 27, 2021 6:56:31 PM com.ad.sudoku.model.SudokuField setValue
INFO: SudokuField changed value from 7 to 5
kwi 27, 2021 6:56:31 PM com.ad.sudoku.model.SudokuField setValue
INFO: SudokuField changed value from 0 to 2
kwi 27, 2021 6:56:31 PM com.ad.sudoku.model.SudokuField setValue
INFO: SudokuField changed value from 2 to 7
kwi 27, 2021 6:56:31 PM com.ad.sudoku.model.SudokuField setValue
INFO: SudokuField changed value from 7 to 5
kwi 27, 2021 6:56:31 PM com.ad.sudoku.model.SudokuField setValue
INFO: SudokuField changed value from 5 to 8
kwi 27, 2021 6:56:31 PM com.ad.sudoku.model.SudokuField setValue
INFO: SudokuField changed value from 8 to 4
kwi 27, 2021 6:56:31 PM com.ad.sudoku.model.SudokuField setValue
INFO: SudokuField changed value from 4 to 6
kwi 27, 2021 6:56:31 PM com.ad.sudoku.model.SudokuField setValue
INFO: SudokuField changed value from 6 to 9
kwi 27, 2021 6:56:31 PM com.ad.sudoku.model.SudokuField setValue
INFO: SudokuField changed value from 0 to 9
kwi 27, 2021 6:56:31 PM com.ad.sudoku.model.SudokuField setValue
INFO: SudokuField changed value from 9 to 2
kwi 27, 2021 6:56:31 PM com.ad.sudoku.model.SudokuField setValue
INFO: SudokuField changed value from 2 to 7
kwi 27, 2021 6:56:31 PM com.ad.sudoku.model.SudokuField setValue
INFO: SudokuField changed value from 7 to 6
kwi 27, 2021 6:56:31 PM com.ad.sudoku.model.SudokuField setValue
INFO: SudokuField changed value from 6 to 3
kwi 27, 2021 6:56:31 PM com.ad.sudoku.model.SudokuField setValue
INFO: SudokuField changed value from 3 to 4
kwi 27, 2021 6:56:31 PM com.ad.sudoku.model.SudokuField setValue
INFO: SudokuField changed value from 4 to 8
kwi 27, 2021 6:56:31 PM com.ad.sudoku.model.SudokuField setValue
INFO: SudokuField changed value from 8 to 5
kwi 27, 2021 6:56:31 PM com.ad.sudoku.model.SudokuField setValue
INFO: SudokuField changed value from 5 to 1
kwi 27, 2021 6:56:31 PM com.ad.sudoku.model.SudokuField setValue
INFO: SudokuField changed value from 0 to 6
kwi 27, 2021 6:56:31 PM com.ad.sudoku.model.SudokuField setValue
INFO: SudokuField changed value from 6 to 2
kwi 27, 2021 6:56:31 PM com.ad.sudoku.model.SudokuField setValue
INFO: SudokuField changed value from 2 to 9
kwi 27, 2021 6:56:31 PM com.ad.sudoku.model.SudokuField setValue
INFO: SudokuField changed value from 9 to 1
kwi 27, 2021 6:56:31 PM com.ad.sudoku.model.SudokuField setValue
INFO: SudokuField changed value from 1 to 4
kwi 27, 2021 6:56:31 PM com.ad.sudoku.model.SudokuField setValue
INFO: SudokuField changed value from 4 to 8
kwi 27, 2021 6:56:31 PM com.ad.sudoku.model.SudokuField setValue
INFO: SudokuField changed value from 8 to 7
kwi 27, 2021 6:56:31 PM com.ad.sudoku.model.SudokuField setValue
INFO: SudokuField changed value from 7 to 5
kwi 27, 2021 6:56:31 PM com.ad.sudoku.model.SudokuField setValue
INFO: SudokuField changed value from 5 to 3
kwi 27, 2021 6:56:31 PM com.ad.sudoku.model.SudokuField setValue
INFO: SudokuField changed value from 3 to 0
kwi 27, 2021 6:56:31 PM com.ad.sudoku.model.SudokuField setValue
INFO: SudokuField changed value from 1 to 0
kwi 27, 2021 6:56:31 PM com.ad.sudoku.model.SudokuField setValue
INFO: SudokuField changed value from 9 to 1
kwi 27, 2021 6:56:31 PM com.ad.sudoku.model.SudokuField setValue
INFO: SudokuField changed value from 0 to 4
kwi 27, 2021 6:56:31 PM com.ad.sudoku.model.SudokuField setValue
INFO: SudokuField changed value from 4 to 9
kwi 27, 2021 6:56:31 PM com.ad.sudoku.model.SudokuField setValue
INFO: SudokuField changed value from 9 to 8
kwi 27, 2021 6:56:31 PM com.ad.sudoku.model.SudokuField setValue
INFO: SudokuField changed value from 8 to 6
kwi 27, 2021 6:56:31 PM com.ad.sudoku.model.SudokuField setValue
INFO: SudokuField changed value from 6 to 1
kwi 27, 2021 6:56:31 PM com.ad.sudoku.model.SudokuField setValue
INFO: SudokuField changed value from 1 to 7
kwi 27, 2021 6:56:31 PM com.ad.sudoku.model.SudokuField setValue
INFO: SudokuField changed value from 7 to 3
kwi 27, 2021 6:56:31 PM com.ad.sudoku.model.SudokuField setValue
INFO: SudokuField changed value from 3 to 2
kwi 27, 2021 6:56:31 PM com.ad.sudoku.model.SudokuField setValue
INFO: SudokuField changed value from 2 to 5
kwi 27, 2021 6:56:31 PM com.ad.sudoku.model.SudokuField setValue
INFO: SudokuField changed value from 5 to 0
kwi 27, 2021 6:56:31 PM com.ad.sudoku.model.SudokuField setValue
INFO: SudokuField changed value from 1 to 3
kwi 27, 2021 6:56:31 PM com.ad.sudoku.model.SudokuField setValue
INFO: SudokuField changed value from 0 to 7
kwi 27, 2021 6:56:31 PM com.ad.sudoku.model.SudokuField setValue
INFO: SudokuField changed value from 7 to 9
kwi 27, 2021 6:56:31 PM com.ad.sudoku.model.SudokuField setValue
INFO: SudokuField changed value from 9 to 1
kwi 27, 2021 6:56:31 PM com.ad.sudoku.model.SudokuField setValue
INFO: SudokuField changed value from 0 to 3
kwi 27, 2021 6:56:31 PM com.ad.sudoku.model.SudokuField setValue
INFO: SudokuField changed value from 3 to 4
kwi 27, 2021 6:56:31 PM com.ad.sudoku.model.SudokuField setValue
INFO: SudokuField changed value from 4 to 6
kwi 27, 2021 6:56:31 PM com.ad.sudoku.model.SudokuField setValue
INFO: SudokuField changed value from 6 to 1
kwi 27, 2021 6:56:31 PM com.ad.sudoku.model.SudokuField setValue
INFO: SudokuField changed value from 1 to 7
kwi 27, 2021 6:56:31 PM com.ad.sudoku.model.SudokuField setValue
INFO: SudokuField changed value from 7 to 8
kwi 27, 2021 6:56:31 PM com.ad.sudoku.model.SudokuField setValue
INFO: SudokuField changed value from 8 to 9
kwi 27, 2021 6:56:31 PM com.ad.sudoku.model.SudokuField setValue
INFO: SudokuField changed value from 9 to 5
kwi 27, 2021 6:56:31 PM com.ad.sudoku.model.SudokuField setValue
INFO: SudokuField changed value from 5 to 2
kwi 27, 2021 6:56:31 PM com.ad.sudoku.model.SudokuField setValue
INFO: SudokuField changed value from 2 to 0
kwi 27, 2021 6:56:31 PM com.ad.sudoku.model.SudokuField setValue
INFO: SudokuField changed value from 1 to 5
kwi 27, 2021 6:56:31 PM com.ad.sudoku.model.SudokuField setValue
INFO: SudokuField changed value from 5 to 4
kwi 27, 2021 6:56:31 PM com.ad.sudoku.model.SudokuField setValue
INFO: SudokuField changed value from 4 to 8
kwi 27, 2021 6:56:31 PM com.ad.sudoku.model.SudokuField setValue
INFO: SudokuField changed value from 8 to 6
kwi 27, 2021 6:56:31 PM com.ad.sudoku.model.SudokuField setValue
INFO: SudokuField changed value from 6 to 2
kwi 27, 2021 6:56:31 PM com.ad.sudoku.model.SudokuField setValue
INFO: SudokuField changed value from 2 to 3
kwi 27, 2021 6:56:31 PM com.ad.sudoku.model.SudokuField setValue
INFO: SudokuField changed value from 3 to 0
kwi 27, 2021 6:56:31 PM com.ad.sudoku.model.SudokuField setValue
INFO: SudokuField changed value from 3 to 0
kwi 27, 2021 6:56:31 PM com.ad.sudoku.model.SudokuField setValue
INFO: SudokuField changed value from 5 to 6
kwi 27, 2021 6:56:31 PM com.ad.sudoku.model.SudokuField setValue
INFO: SudokuField changed value from 6 to 1
kwi 27, 2021 6:56:31 PM com.ad.sudoku.model.SudokuField setValue
INFO: SudokuField changed value from 1 to 0
kwi 27, 2021 6:56:31 PM com.ad.sudoku.model.SudokuField setValue
INFO: SudokuField changed value from 6 to 7
kwi 27, 2021 6:56:31 PM com.ad.sudoku.model.SudokuField setValue
INFO: SudokuField changed value from 0 to 4
kwi 27, 2021 6:56:31 PM com.ad.sudoku.model.SudokuField setValue
INFO: SudokuField changed value from 4 to 9
kwi 27, 2021 6:56:31 PM com.ad.sudoku.model.SudokuField setValue
INFO: SudokuField changed value from 0 to 1
kwi 27, 2021 6:56:31 PM com.ad.sudoku.model.SudokuField setValue
INFO: SudokuField changed value from 0 to 3
kwi 27, 2021 6:56:31 PM com.ad.sudoku.model.SudokuField setValue
INFO: SudokuField changed value from 3 to 4
kwi 27, 2021 6:56:31 PM com.ad.sudoku.model.SudokuField setValue
INFO: SudokuField changed value from 4 to 8
kwi 27, 2021 6:56:31 PM com.ad.sudoku.model.SudokuField setValue
INFO: SudokuField changed value from 8 to 7
kwi 27, 2021 6:56:31 PM com.ad.sudoku.model.SudokuField setValue
INFO: SudokuField changed value from 7 to 2
kwi 27, 2021 6:56:31 PM com.ad.sudoku.model.SudokuField setValue
INFO: SudokuField changed value from 2 to 9
kwi 27, 2021 6:56:31 PM com.ad.sudoku.model.SudokuField setValue
INFO: SudokuField changed value from 9 to 5
kwi 27, 2021 6:56:31 PM com.ad.sudoku.model.SudokuField setValue
INFO: SudokuField changed value from 0 to 5
kwi 27, 2021 6:56:31 PM com.ad.sudoku.model.SudokuField setValue
INFO: SudokuField changed value from 5 to 3
kwi 27, 2021 6:56:31 PM com.ad.sudoku.model.SudokuField setValue
INFO: SudokuField changed value from 3 to 6
kwi 27, 2021 6:56:31 PM com.ad.sudoku.model.SudokuField setValue
INFO: SudokuField changed value from 0 to 5
kwi 27, 2021 6:56:31 PM com.ad.sudoku.model.SudokuField setValue
INFO: SudokuField changed value from 5 to 4
kwi 27, 2021 6:56:31 PM com.ad.sudoku.model.SudokuField setValue
INFO: SudokuField changed value from 4 to 7
kwi 27, 2021 6:56:31 PM com.ad.sudoku.model.SudokuField setValue
INFO: SudokuField changed value from 7 to 6
kwi 27, 2021 6:56:31 PM com.ad.sudoku.model.SudokuField setValue
INFO: SudokuField changed value from 6 to 9
kwi 27, 2021 6:56:31 PM com.ad.sudoku.model.SudokuField setValue
INFO: SudokuField changed value from 9 to 2
kwi 27, 2021 6:56:31 PM com.ad.sudoku.model.SudokuField setValue
INFO: SudokuField changed value from 2 to 8
kwi 27, 2021 6:56:31 PM com.ad.sudoku.model.SudokuField setValue
INFO: SudokuField changed value from 8 to 1
kwi 27, 2021 6:56:31 PM com.ad.sudoku.model.SudokuField setValue
INFO: SudokuField changed value from 1 to 3
kwi 27, 2021 6:56:31 PM com.ad.sudoku.model.SudokuField setValue
INFO: SudokuField changed value from 3 to 0
kwi 27, 2021 6:56:31 PM com.ad.sudoku.model.SudokuField setValue
INFO: SudokuField changed value from 6 to 7
kwi 27, 2021 6:56:31 PM com.ad.sudoku.model.SudokuField setValue
INFO: SudokuField changed value from 7 to 1
kwi 27, 2021 6:56:31 PM com.ad.sudoku.model.SudokuField setValue
INFO: SudokuField changed value from 1 to 9
kwi 27, 2021 6:56:31 PM com.ad.sudoku.model.SudokuField setValue
INFO: SudokuField changed value from 9 to 2
kwi 27, 2021 6:56:31 PM com.ad.sudoku.model.SudokuField setValue
INFO: SudokuField changed value from 2 to 8
kwi 27, 2021 6:56:31 PM com.ad.sudoku.model.SudokuField setValue
INFO: SudokuField changed value from 8 to 4
kwi 27, 2021 6:56:31 PM com.ad.sudoku.model.SudokuField setValue
INFO: SudokuField changed value from 4 to 0
kwi 27, 2021 6:56:31 PM com.ad.sudoku.model.SudokuField setValue
INFO: SudokuField changed value from 5 to 6
kwi 27, 2021 6:56:31 PM com.ad.sudoku.model.SudokuField setValue
INFO: SudokuField changed value from 0 to 5
kwi 27, 2021 6:56:31 PM com.ad.sudoku.model.SudokuField setValue
INFO: SudokuField changed value from 5 to 4
kwi 27, 2021 6:56:31 PM com.ad.sudoku.model.SudokuField setValue
INFO: SudokuField changed value from 4 to 6
kwi 27, 2021 6:56:31 PM com.ad.sudoku.model.SudokuField setValue
INFO: SudokuField changed value from 6 to 9
kwi 27, 2021 6:56:31 PM com.ad.sudoku.model.SudokuField setValue
INFO: SudokuField changed value from 9 to 1
kwi 27, 2021 6:56:31 PM com.ad.sudoku.model.SudokuField setValue
INFO: SudokuField changed value from 1 to 2
kwi 27, 2021 6:56:31 PM com.ad.sudoku.model.SudokuField setValue
INFO: SudokuField changed value from 2 to 3
kwi 27, 2021 6:56:31 PM com.ad.sudoku.model.SudokuField setValue
INFO: SudokuField changed value from 3 to 8
kwi 27, 2021 6:56:31 PM com.ad.sudoku.model.SudokuField setValue
INFO: SudokuField changed value from 8 to 7
kwi 27, 2021 6:56:31 PM com.ad.sudoku.model.SudokuField setValue
INFO: SudokuField changed value from 7 to 0
kwi 27, 2021 6:56:31 PM com.ad.sudoku.model.SudokuField setValue
INFO: SudokuField changed value from 6 to 1
kwi 27, 2021 6:56:31 PM com.ad.sudoku.model.SudokuField setValue
INFO: SudokuField changed value from 1 to 0
kwi 27, 2021 6:56:31 PM com.ad.sudoku.model.SudokuField setValue
INFO: SudokuField changed value from 1 to 4
kwi 27, 2021 6:56:31 PM com.ad.sudoku.model.SudokuField setValue
INFO: SudokuField changed value from 4 to 5
kwi 27, 2021 6:56:31 PM com.ad.sudoku.model.SudokuField setValue
INFO: SudokuField changed value from 0 to 5
kwi 27, 2021 6:56:31 PM com.ad.sudoku.model.SudokuField setValue
INFO: SudokuField changed value from 5 to 9
kwi 27, 2021 6:56:31 PM com.ad.sudoku.model.SudokuField setValue
INFO: SudokuField changed value from 9 to 6
kwi 27, 2021 6:56:31 PM com.ad.sudoku.model.SudokuField setValue
INFO: SudokuField changed value from 0 to 4
kwi 27, 2021 6:56:31 PM com.ad.sudoku.model.SudokuField setValue
INFO: SudokuField changed value from 4 to 1
kwi 27, 2021 6:56:31 PM com.ad.sudoku.model.SudokuField setValue
INFO: SudokuField changed value from 0 to 2
kwi 27, 2021 6:56:31 PM com.ad.sudoku.model.SudokuField setValue
INFO: SudokuField changed value from 2 to 1
kwi 27, 2021 6:56:31 PM com.ad.sudoku.model.SudokuField setValue
INFO: SudokuField changed value from 1 to 8
kwi 27, 2021 6:56:31 PM com.ad.sudoku.model.SudokuField setValue
INFO: SudokuField changed value from 8 to 9
kwi 27, 2021 6:56:31 PM com.ad.sudoku.model.SudokuField setValue
INFO: SudokuField changed value from 9 to 7
kwi 27, 2021 6:56:31 PM com.ad.sudoku.model.SudokuField setValue
INFO: SudokuField changed value from 7 to 6
kwi 27, 2021 6:56:31 PM com.ad.sudoku.model.SudokuField setValue
INFO: SudokuField changed value from 6 to 4
kwi 27, 2021 6:56:31 PM com.ad.sudoku.model.SudokuField setValue
INFO: SudokuField changed value from 4 to 3
kwi 27, 2021 6:56:31 PM com.ad.sudoku.model.SudokuField setValue
INFO: SudokuField changed value from 3 to 5
kwi 27, 2021 6:56:31 PM com.ad.sudoku.model.SudokuField setValue
INFO: SudokuField changed value from 5 to 0
kwi 27, 2021 6:56:31 PM com.ad.sudoku.model.SudokuField setValue
INFO: SudokuField changed value from 1 to 5
kwi 27, 2021 6:56:31 PM com.ad.sudoku.model.SudokuField setValue
INFO: SudokuField changed value from 5 to 7
kwi 27, 2021 6:56:31 PM com.ad.sudoku.model.SudokuField setValue
INFO: SudokuField changed value from 7 to 3
kwi 27, 2021 6:56:31 PM com.ad.sudoku.model.SudokuField setValue
INFO: SudokuField changed value from 3 to 8
kwi 27, 2021 6:56:31 PM com.ad.sudoku.model.SudokuField setValue
INFO: SudokuField changed value from 8 to 9
kwi 27, 2021 6:56:31 PM com.ad.sudoku.model.SudokuField setValue
INFO: SudokuField changed value from 9 to 2
kwi 27, 2021 6:56:31 PM com.ad.sudoku.model.SudokuField setValue
INFO: SudokuField changed value from 2 to 6
kwi 27, 2021 6:56:31 PM com.ad.sudoku.model.SudokuField setValue
INFO: SudokuField changed value from 6 to 0
kwi 27, 2021 6:56:31 PM com.ad.sudoku.model.SudokuField setValue
INFO: SudokuField changed value from 6 to 8
kwi 27, 2021 6:56:31 PM com.ad.sudoku.model.SudokuField setValue
INFO: SudokuField changed value from 8 to 4
kwi 27, 2021 6:56:31 PM com.ad.sudoku.model.SudokuField setValue
INFO: SudokuField changed value from 4 to 7
kwi 27, 2021 6:56:31 PM com.ad.sudoku.model.SudokuField setValue
INFO: SudokuField changed value from 7 to 1
kwi 27, 2021 6:56:31 PM com.ad.sudoku.model.SudokuField setValue
INFO: SudokuField changed value from 0 to 5
kwi 27, 2021 6:56:31 PM com.ad.sudoku.model.SudokuField setValue
INFO: SudokuField changed value from 5 to 6
kwi 27, 2021 6:56:31 PM com.ad.sudoku.model.SudokuField setValue
INFO: SudokuField changed value from 0 to 1
kwi 27, 2021 6:56:31 PM com.ad.sudoku.model.SudokuField setValue
INFO: SudokuField changed value from 1 to 7
kwi 27, 2021 6:56:31 PM com.ad.sudoku.model.SudokuField setValue
INFO: SudokuField changed value from 7 to 3
kwi 27, 2021 6:56:31 PM com.ad.sudoku.model.SudokuField setValue
INFO: SudokuField changed value from 3 to 4
kwi 27, 2021 6:56:31 PM com.ad.sudoku.model.SudokuField setValue
INFO: SudokuField changed value from 4 to 8
kwi 27, 2021 6:56:31 PM com.ad.sudoku.model.SudokuField setValue
INFO: SudokuField changed value from 8 to 6
kwi 27, 2021 6:56:31 PM com.ad.sudoku.model.SudokuField setValue
INFO: SudokuField changed value from 6 to 9
kwi 27, 2021 6:56:31 PM com.ad.sudoku.model.SudokuField setValue
INFO: SudokuField changed value from 9 to 5
kwi 27, 2021 6:56:31 PM com.ad.sudoku.model.SudokuField setValue
INFO: SudokuField changed value from 5 to 2
kwi 27, 2021 6:56:31 PM com.ad.sudoku.model.SudokuField setValue
INFO: SudokuField changed value from 2 to 0
kwi 27, 2021 6:56:31 PM com.ad.sudoku.model.SudokuField setValue
INFO: SudokuField changed value from 6 to 1
kwi 27, 2021 6:56:31 PM com.ad.sudoku.model.SudokuField setValue
INFO: SudokuField changed value from 1 to 2
kwi 27, 2021 6:56:31 PM com.ad.sudoku.model.SudokuField setValue
INFO: SudokuField changed value from 2 to 7
kwi 27, 2021 6:56:31 PM com.ad.sudoku.model.SudokuField setValue
INFO: SudokuField changed value from 7 to 3
kwi 27, 2021 6:56:31 PM com.ad.sudoku.model.SudokuField setValue
INFO: SudokuField changed value from 3 to 9
kwi 27, 2021 6:56:31 PM com.ad.sudoku.model.SudokuField setValue
INFO: SudokuField changed value from 9 to 4
kwi 27, 2021 6:56:31 PM com.ad.sudoku.model.SudokuField setValue
INFO: SudokuField changed value from 4 to 8
kwi 27, 2021 6:56:31 PM com.ad.sudoku.model.SudokuField setValue
INFO: SudokuField changed value from 8 to 0
kwi 27, 2021 6:56:31 PM com.ad.sudoku.model.SudokuField setValue
INFO: SudokuField changed value from 1 to 2
kwi 27, 2021 6:56:31 PM com.ad.sudoku.model.SudokuField setValue
INFO: SudokuField changed value from 2 to 3
kwi 27, 2021 6:56:31 PM com.ad.sudoku.model.SudokuField setValue
INFO: SudokuField changed value from 3 to 0
kwi 27, 2021 6:56:31 PM com.ad.sudoku.model.SudokuField setValue
INFO: SudokuField changed value from 5 to 2
kwi 27, 2021 6:56:31 PM com.ad.sudoku.model.SudokuField setValue
INFO: SudokuField changed value from 2 to 8
kwi 27, 2021 6:56:31 PM com.ad.sudoku.model.SudokuField setValue
INFO: SudokuField changed value from 8 to 6
kwi 27, 2021 6:56:31 PM com.ad.sudoku.model.SudokuField setValue
INFO: SudokuField changed value from 6 to 7
kwi 27, 2021 6:56:31 PM com.ad.sudoku.model.SudokuField setValue
INFO: SudokuField changed value from 7 to 9
kwi 27, 2021 6:56:31 PM com.ad.sudoku.model.SudokuField setValue
INFO: SudokuField changed value from 9 to 3
kwi 27, 2021 6:56:31 PM com.ad.sudoku.model.SudokuField setValue
INFO: SudokuField changed value from 0 to 4
kwi 27, 2021 6:56:31 PM com.ad.sudoku.model.SudokuField setValue
INFO: SudokuField changed value from 4 to 2
kwi 27, 2021 6:56:31 PM com.ad.sudoku.model.SudokuField setValue
INFO: SudokuField changed value from 2 to 3
kwi 27, 2021 6:56:31 PM com.ad.sudoku.model.SudokuField setValue
INFO: SudokuField changed value from 3 to 1
kwi 27, 2021 6:56:31 PM com.ad.sudoku.model.SudokuField setValue
INFO: SudokuField changed value from 0 to 9
kwi 27, 2021 6:56:31 PM com.ad.sudoku.model.SudokuField setValue
INFO: SudokuField changed value from 9 to 1
kwi 27, 2021 6:56:31 PM com.ad.sudoku.model.SudokuField setValue
INFO: SudokuField changed value from 1 to 7
kwi 27, 2021 6:56:31 PM com.ad.sudoku.model.SudokuField setValue
INFO: SudokuField changed value from 7 to 3
kwi 27, 2021 6:56:31 PM com.ad.sudoku.model.SudokuField setValue
INFO: SudokuField changed value from 3 to 6
kwi 27, 2021 6:56:31 PM com.ad.sudoku.model.SudokuField setValue
INFO: SudokuField changed value from 0 to 4
kwi 27, 2021 6:56:31 PM com.ad.sudoku.model.SudokuField setValue
INFO: SudokuField changed value from 4 to 1
kwi 27, 2021 6:56:31 PM com.ad.sudoku.model.SudokuField setValue
INFO: SudokuField changed value from 1 to 9
kwi 27, 2021 6:56:31 PM com.ad.sudoku.model.SudokuField setValue
INFO: SudokuField changed value from 9 to 3
kwi 27, 2021 6:56:31 PM com.ad.sudoku.model.SudokuField setValue
INFO: SudokuField changed value from 3 to 6
kwi 27, 2021 6:56:31 PM com.ad.sudoku.model.SudokuField setValue
INFO: SudokuField changed value from 6 to 5
kwi 27, 2021 6:56:31 PM com.ad.sudoku.model.SudokuField setValue
INFO: SudokuField changed value from 0 to 8
kwi 27, 2021 6:56:31 PM com.ad.sudoku.model.SudokuField setValue
INFO: SudokuField changed value from 8 to 6
kwi 27, 2021 6:56:31 PM com.ad.sudoku.model.SudokuField setValue
INFO: SudokuField changed value from 6 to 1
kwi 27, 2021 6:56:31 PM com.ad.sudoku.model.SudokuField setValue
INFO: SudokuField changed value from 1 to 5
kwi 27, 2021 6:56:31 PM com.ad.sudoku.model.SudokuField setValue
INFO: SudokuField changed value from 5 to 9
kwi 27, 2021 6:56:31 PM com.ad.sudoku.model.SudokuField setValue
INFO: SudokuField changed value from 9 to 3
kwi 27, 2021 6:56:31 PM com.ad.sudoku.model.SudokuField setValue
INFO: SudokuField changed value from 0 to 5
kwi 27, 2021 6:56:31 PM com.ad.sudoku.model.SudokuField setValue
INFO: SudokuField changed value from 5 to 8
kwi 27, 2021 6:56:31 PM com.ad.sudoku.model.SudokuField setValue
INFO: SudokuField changed value from 8 to 6
kwi 27, 2021 6:56:31 PM com.ad.sudoku.model.SudokuField setValue
INFO: SudokuField changed value from 6 to 4
kwi 27, 2021 6:56:31 PM com.ad.sudoku.model.SudokuField setValue
INFO: SudokuField changed value from 4 to 9
kwi 27, 2021 6:56:31 PM com.ad.sudoku.model.SudokuField setValue
INFO: SudokuField changed value from 0 to 5
kwi 27, 2021 6:56:31 PM com.ad.sudoku.model.SudokuField setValue
INFO: SudokuField changed value from 5 to 9
kwi 27, 2021 6:56:31 PM com.ad.sudoku.model.SudokuField setValue
INFO: SudokuField changed value from 9 to 1
kwi 27, 2021 6:56:31 PM com.ad.sudoku.model.SudokuField setValue
INFO: SudokuField changed value from 1 to 2
kwi 27, 2021 6:56:31 PM com.ad.sudoku.model.SudokuField setValue
INFO: SudokuField changed value from 2 to 7
kwi 27, 2021 6:56:31 PM com.ad.sudoku.model.SudokuField setValue
INFO: SudokuField changed value from 7 to 4
kwi 27, 2021 6:56:31 PM com.ad.sudoku.model.SudokuField setValue
INFO: SudokuField changed value from 4 to 8
kwi 27, 2021 6:56:31 PM com.ad.sudoku.model.SudokuField setValue
INFO: SudokuField changed value from 8 to 3
kwi 27, 2021 6:56:31 PM com.ad.sudoku.model.SudokuField setValue
INFO: SudokuField changed value from 3 to 6
kwi 27, 2021 6:56:31 PM com.ad.sudoku.model.SudokuField setValue
INFO: SudokuField changed value from 6 to 0
kwi 27, 2021 6:56:31 PM com.ad.sudoku.model.SudokuField setValue
INFO: SudokuField changed value from 9 to 1
kwi 27, 2021 6:56:31 PM com.ad.sudoku.model.SudokuField setValue
INFO: SudokuField changed value from 1 to 2
kwi 27, 2021 6:56:31 PM com.ad.sudoku.model.SudokuField setValue
INFO: SudokuField changed value from 2 to 3
kwi 27, 2021 6:56:31 PM com.ad.sudoku.model.SudokuField setValue
INFO: SudokuField changed value from 3 to 7
kwi 27, 2021 6:56:31 PM com.ad.sudoku.model.SudokuField setValue
INFO: SudokuField changed value from 0 to 2
kwi 27, 2021 6:56:31 PM com.ad.sudoku.model.SudokuField setValue
INFO: SudokuField changed value from 2 to 1
kwi 27, 2021 6:56:31 PM com.ad.sudoku.model.SudokuField setValue
INFO: SudokuField changed value from 1 to 6
kwi 27, 2021 6:56:31 PM com.ad.sudoku.model.SudokuField setValue
INFO: SudokuField changed value from 6 to 9
kwi 27, 2021 6:56:31 PM com.ad.sudoku.model.SudokuField setValue
INFO: SudokuField changed value from 0 to 9
kwi 27, 2021 6:56:31 PM com.ad.sudoku.model.SudokuField setValue
INFO: SudokuField changed value from 9 to 4
kwi 27, 2021 6:56:31 PM com.ad.sudoku.model.SudokuField setValue
INFO: SudokuField changed value from 4 to 5
kwi 27, 2021 6:56:31 PM com.ad.sudoku.model.SudokuField setValue
INFO: SudokuField changed value from 5 to 6
kwi 27, 2021 6:56:31 PM com.ad.sudoku.model.SudokuField setValue
INFO: SudokuField changed value from 0 to 6
kwi 27, 2021 6:56:31 PM com.ad.sudoku.model.SudokuField setValue
INFO: SudokuField changed value from 6 to 8
kwi 27, 2021 6:56:31 PM com.ad.sudoku.model.SudokuField setValue
INFO: SudokuField changed value from 8 to 1
kwi 27, 2021 6:56:31 PM com.ad.sudoku.model.SudokuField setValue
INFO: SudokuField changed value from 1 to 7
kwi 27, 2021 6:56:31 PM com.ad.sudoku.model.SudokuField setValue
INFO: SudokuField changed value from 7 to 9
kwi 27, 2021 6:56:31 PM com.ad.sudoku.model.SudokuField setValue
INFO: SudokuField changed value from 9 to 3
kwi 27, 2021 6:56:31 PM com.ad.sudoku.model.SudokuField setValue
INFO: SudokuField changed value from 3 to 5
kwi 27, 2021 6:56:31 PM com.ad.sudoku.model.SudokuField setValue
INFO: SudokuField changed value from 0 to 2
kwi 27, 2021 6:56:31 PM com.ad.sudoku.model.SudokuField setValue
INFO: SudokuField changed value from 2 to 3
kwi 27, 2021 6:56:31 PM com.ad.sudoku.model.SudokuField setValue
INFO: SudokuField changed value from 3 to 8
kwi 27, 2021 6:56:31 PM com.ad.sudoku.model.SudokuField setValue
INFO: SudokuField changed value from 8 to 9
kwi 27, 2021 6:56:31 PM com.ad.sudoku.model.SudokuField setValue
INFO: SudokuField changed value from 9 to 4
kwi 27, 2021 6:56:31 PM com.ad.sudoku.model.SudokuField setValue
INFO: SudokuField changed value from 4 to 6
kwi 27, 2021 6:56:31 PM com.ad.sudoku.model.SudokuField setValue
INFO: SudokuField changed value from 6 to 5
kwi 27, 2021 6:56:31 PM com.ad.sudoku.model.SudokuField setValue
INFO: SudokuField changed value from 5 to 7
kwi 27, 2021 6:56:31 PM com.ad.sudoku.model.SudokuField setValue
INFO: SudokuField changed value from 7 to 1
kwi 27, 2021 6:56:31 PM com.ad.sudoku.model.SudokuField setValue
INFO: SudokuField changed value from 0 to 1
kwi 27, 2021 6:56:31 PM com.ad.sudoku.model.SudokuField setValue
INFO: SudokuField changed value from 1 to 2
kwi 27, 2021 6:56:31 PM com.ad.sudoku.model.SudokuField setValue
INFO: SudokuField changed value from 0 to 2
kwi 27, 2021 6:56:31 PM com.ad.sudoku.model.SudokuField setValue
INFO: SudokuField changed value from 2 to 1
kwi 27, 2021 6:56:31 PM com.ad.sudoku.model.SudokuField setValue
INFO: SudokuField changed value from 1 to 6
kwi 27, 2021 6:56:31 PM com.ad.sudoku.model.SudokuField setValue
INFO: SudokuField changed value from 6 to 4
kwi 27, 2021 6:56:31 PM com.ad.sudoku.model.SudokuField setValue
INFO: SudokuField changed value from 0 to 1
kwi 27, 2021 6:56:31 PM com.ad.sudoku.model.SudokuField setValue
INFO: SudokuField changed value from 1 to 5
kwi 27, 2021 6:56:31 PM com.ad.sudoku.model.SudokuField setValue
INFO: SudokuField changed value from 5 to 2
kwi 27, 2021 6:56:31 PM com.ad.sudoku.model.SudokuField setValue
INFO: SudokuField changed value from 2 to 3
kwi 27, 2021 6:56:31 PM com.ad.sudoku.model.SudokuField setValue
INFO: SudokuField changed value from 3 to 6
kwi 27, 2021 6:56:31 PM com.ad.sudoku.model.SudokuField setValue
INFO: SudokuField changed value from 6 to 4
kwi 27, 2021 6:56:31 PM com.ad.sudoku.model.SudokuField setValue
INFO: SudokuField changed value from 4 to 9
kwi 27, 2021 6:56:31 PM com.ad.sudoku.model.SudokuField setValue
INFO: SudokuField changed value from 9 to 7
kwi 27, 2021 6:56:31 PM com.ad.sudoku.model.SudokuField setValue
INFO: SudokuField changed value from 7 to 8
kwi 27, 2021 6:56:31 PM com.ad.sudoku.model.SudokuField setValue
INFO: SudokuField changed value from 0 to 8
kwi 27, 2021 6:56:31 PM com.ad.sudoku.model.SudokuField setValue
INFO: SudokuField changed value from 8 to 2
kwi 27, 2021 6:56:31 PM com.ad.sudoku.model.SudokuField setValue
INFO: SudokuField changed value from 0 to 9
kwi 27, 2021 6:56:31 PM com.ad.sudoku.model.SudokuField setValue
INFO: SudokuField changed value from 0 to 4
kwi 27, 2021 6:56:31 PM com.ad.sudoku.model.SudokuField setValue
INFO: SudokuField changed value from 0 to 4
kwi 27, 2021 6:56:31 PM com.ad.sudoku.model.SudokuField setValue
INFO: SudokuField changed value from 4 to 6
kwi 27, 2021 6:56:31 PM com.ad.sudoku.model.SudokuField setValue
INFO: SudokuField changed value from 6 to 3
kwi 27, 2021 6:56:31 PM com.ad.sudoku.model.SudokuField setValue
INFO: SudokuField changed value from 0 to 5
kwi 27, 2021 6:56:31 PM com.ad.sudoku.model.SudokuField setValue
INFO: SudokuField changed value from 5 to 6
kwi 27, 2021 6:56:31 PM com.ad.sudoku.model.SudokuField setValue
INFO: SudokuField changed value from 0 to 4
kwi 27, 2021 6:56:31 PM com.ad.sudoku.model.SudokuField setValue
INFO: SudokuField changed value from 4 to 1
kwi 27, 2021 6:56:31 PM com.ad.sudoku.model.SudokuField setValue
INFO: SudokuField changed value from 1 to 9
kwi 27, 2021 6:56:31 PM com.ad.sudoku.model.SudokuField setValue
INFO: SudokuField changed value from 9 to 8
kwi 27, 2021 6:56:31 PM com.ad.sudoku.model.SudokuField setValue
INFO: SudokuField changed value from 0 to 9
kwi 27, 2021 6:56:31 PM com.ad.sudoku.model.SudokuField setValue
INFO: SudokuField changed value from 9 to 3
kwi 27, 2021 6:56:31 PM com.ad.sudoku.model.SudokuField setValue
INFO: SudokuField changed value from 3 to 1
kwi 27, 2021 6:56:31 PM com.ad.sudoku.model.SudokuField setValue
INFO: SudokuField changed value from 1 to 2
kwi 27, 2021 6:56:31 PM com.ad.sudoku.model.SudokuField setValue
INFO: SudokuField changed value from 2 to 4
kwi 27, 2021 6:56:31 PM com.ad.sudoku.model.SudokuField setValue
INFO: SudokuField changed value from 4 to 8
kwi 27, 2021 6:56:31 PM com.ad.sudoku.model.SudokuField setValue
INFO: SudokuField changed value from 8 to 7
kwi 27, 2021 6:56:31 PM com.ad.sudoku.model.SudokuField setValue
INFO: SudokuField changed value from 7 to 6
kwi 27, 2021 6:56:31 PM com.ad.sudoku.model.SudokuField setValue
INFO: SudokuField changed value from 6 to 5
kwi 27, 2021 6:56:31 PM com.ad.sudoku.model.SudokuField setValue
INFO: SudokuField changed value from 0 to 8
kwi 27, 2021 6:56:31 PM com.ad.sudoku.model.SudokuField setValue
INFO: SudokuField changed value from 8 to 4
kwi 27, 2021 6:56:31 PM com.ad.sudoku.model.SudokuField setValue
INFO: SudokuField changed value from 4 to 7
kwi 27, 2021 6:56:31 PM com.ad.sudoku.model.SudokuField setValue
INFO: SudokuField changed value from 7 to 1
kwi 27, 2021 6:56:31 PM com.ad.sudoku.model.SudokuField setValue
INFO: SudokuField changed value from 0 to 7
kwi 27, 2021 6:56:31 PM com.ad.sudoku.model.SudokuField setValue
INFO: SudokuField changed value from 0 to 6
kwi 27, 2021 6:56:31 PM com.ad.sudoku.model.SudokuField setValue
INFO: SudokuField changed value from 6 to 4
kwi 27, 2021 6:56:31 PM com.ad.sudoku.model.SudokuField setValue
INFO: SudokuField changed value from 4 to 5
kwi 27, 2021 6:56:31 PM com.ad.sudoku.model.SudokuField setValue
INFO: SudokuField changed value from 5 to 2
kwi 27, 2021 6:56:31 PM com.ad.sudoku.model.SudokuField setValue
INFO: SudokuField changed value from 2 to 3
kwi 27, 2021 6:56:31 PM com.ad.sudoku.model.SudokuField setValue
INFO: SudokuField changed value from 3 to 7
kwi 27, 2021 6:56:31 PM com.ad.sudoku.model.SudokuField setValue
INFO: SudokuField changed value from 0 to 7
kwi 27, 2021 6:56:31 PM com.ad.sudoku.model.SudokuField setValue
INFO: SudokuField changed value from 7 to 2
kwi 27, 2021 6:56:31 PM com.ad.sudoku.model.SudokuField setValue
INFO: SudokuField changed value from 2 to 9
kwi 27, 2021 6:56:31 PM com.ad.sudoku.model.SudokuField setValue
INFO: SudokuField changed value from 9 to 3
kwi 27, 2021 6:56:31 PM com.ad.sudoku.model.SudokuField setValue
INFO: SudokuField changed value from 0 to 3
kwi 27, 2021 6:56:31 PM com.ad.sudoku.model.SudokuField setValue
INFO: SudokuField changed value from 3 to 9
kwi 27, 2021 6:56:31 PM com.ad.sudoku.model.SudokuField setValue
INFO: SudokuField changed value from 9 to 6
kwi 27, 2021 6:56:31 PM com.ad.sudoku.model.SudokuField setValue
INFO: SudokuField changed value from 0 to 2
kwi 27, 2021 6:56:31 PM com.ad.sudoku.model.SudokuField setValue
INFO: SudokuField changed value from 0 to 3
kwi 27, 2021 6:56:31 PM com.ad.sudoku.model.SudokuField setValue
INFO: SudokuField changed value from 3 to 4
kwi 27, 2021 6:56:31 PM com.ad.sudoku.model.SudokuField setValue
INFO: SudokuField changed value from 0 to 1
kwi 27, 2021 6:56:31 PM com.ad.sudoku.model.SudokuField setValue
INFO: SudokuField changed value from 1 to 7
kwi 27, 2021 6:56:31 PM com.ad.sudoku.model.SudokuField setValue
INFO: SudokuField changed value from 7 to 3
kwi 27, 2021 6:56:31 PM com.ad.sudoku.model.SudokuField setValue
INFO: SudokuField changed value from 3 to 5
kwi 27, 2021 6:56:31 PM com.ad.sudoku.model.SudokuField setValue
INFO: SudokuField changed value from 0 to 7
kwi 27, 2021 6:56:31 PM com.ad.sudoku.model.SudokuField setValue
INFO: SudokuField changed value from 7 to 4
kwi 27, 2021 6:56:31 PM com.ad.sudoku.model.SudokuField setValue
INFO: SudokuField changed value from 4 to 8
kwi 27, 2021 6:56:31 PM com.ad.sudoku.model.SudokuField setValue
INFO: SudokuField changed value from 0 to 1
kwi 27, 2021 6:56:31 PM com.ad.sudoku.model.SudokuField setValue
INFO: SudokuField changed value from 1 to 5
kwi 27, 2021 6:56:31 PM com.ad.sudoku.model.SudokuField setValue
INFO: SudokuField changed value from 5 to 8
kwi 27, 2021 6:56:31 PM com.ad.sudoku.model.SudokuField setValue
INFO: SudokuField changed value from 8 to 6
kwi 27, 2021 6:56:31 PM com.ad.sudoku.model.SudokuField setValue
INFO: SudokuField changed value from 6 to 9
kwi 27, 2021 6:56:31 PM com.ad.sudoku.model.SudokuField setValue
INFO: SudokuField changed value from 0 to 3
kwi 27, 2021 6:56:31 PM com.ad.sudoku.model.SudokuField setValue
INFO: SudokuField changed value from 3 to 5
kwi 27, 2021 6:56:31 PM com.ad.sudoku.model.SudokuField setValue
INFO: SudokuField changed value from 5 to 4
kwi 27, 2021 6:56:31 PM com.ad.sudoku.model.SudokuField setValue
INFO: SudokuField changed value from 4 to 7
kwi 27, 2021 6:56:31 PM com.ad.sudoku.model.SudokuField setValue
INFO: SudokuField changed value from 7 to 8
kwi 27, 2021 6:56:31 PM com.ad.sudoku.model.SudokuField setValue
INFO: SudokuField changed value from 8 to 6
kwi 27, 2021 6:56:31 PM com.ad.sudoku.model.SudokuField setValue
INFO: SudokuField changed value from 6 to 1
kwi 27, 2021 6:56:31 PM com.ad.sudoku.model.SudokuField setValue
INFO: SudokuField changed value from 1 to 2
kwi 27, 2021 6:56:31 PM com.ad.sudoku.model.SudokuField setValue
INFO: SudokuField changed value from 2 to 9
kwi 27, 2021 6:56:31 PM com.ad.sudoku.model.SudokuField setValue
INFO: SudokuField changed value from 9 to 0
kwi 27, 2021 6:56:31 PM com.ad.sudoku.model.SudokuField setValue
INFO: SudokuField changed value from 9 to 2
kwi 27, 2021 6:56:31 PM com.ad.sudoku.model.SudokuField setValue
INFO: SudokuField changed value from 2 to 7
kwi 27, 2021 6:56:31 PM com.ad.sudoku.model.SudokuField setValue
INFO: SudokuField changed value from 7 to 4
kwi 27, 2021 6:56:31 PM com.ad.sudoku.model.SudokuField setValue
INFO: SudokuField changed value from 4 to 3
kwi 27, 2021 6:56:31 PM com.ad.sudoku.model.SudokuField setValue
INFO: SudokuField changed value from 3 to 0
kwi 27, 2021 6:56:31 PM com.ad.sudoku.model.SudokuField setValue
INFO: SudokuField changed value from 8 to 2
kwi 27, 2021 6:56:31 PM com.ad.sudoku.model.SudokuField setValue
INFO: SudokuField changed value from 2 to 5
kwi 27, 2021 6:56:31 PM com.ad.sudoku.model.SudokuField setValue
INFO: SudokuField changed value from 5 to 6
kwi 27, 2021 6:56:31 PM com.ad.sudoku.model.SudokuField setValue
INFO: SudokuField changed value from 6 to 3
kwi 27, 2021 6:56:31 PM com.ad.sudoku.model.SudokuField setValue
INFO: SudokuField changed value from 3 to 9
kwi 27, 2021 6:56:31 PM com.ad.sudoku.model.SudokuField setValue
INFO: SudokuField changed value from 9 to 1
kwi 27, 2021 6:56:31 PM com.ad.sudoku.model.SudokuField setValue
INFO: SudokuField changed value from 1 to 0
kwi 27, 2021 6:56:31 PM com.ad.sudoku.model.SudokuField setValue
INFO: SudokuField changed value from 5 to 2
kwi 27, 2021 6:56:31 PM com.ad.sudoku.model.SudokuField setValue
INFO: SudokuField changed value from 2 to 6
kwi 27, 2021 6:56:31 PM com.ad.sudoku.model.SudokuField setValue
INFO: SudokuField changed value from 6 to 4
kwi 27, 2021 6:56:31 PM com.ad.sudoku.model.SudokuField setValue
INFO: SudokuField changed value from 4 to 9
kwi 27, 2021 6:56:31 PM com.ad.sudoku.model.SudokuField setValue
INFO: SudokuField changed value from 0 to 7
kwi 27, 2021 6:56:31 PM com.ad.sudoku.model.SudokuField setValue
INFO: SudokuField changed value from 7 to 8
kwi 27, 2021 6:56:31 PM com.ad.sudoku.model.SudokuField setValue
INFO: SudokuField changed value from 0 to 2
kwi 27, 2021 6:56:31 PM com.ad.sudoku.model.SudokuField setValue
INFO: SudokuField changed value from 2 to 3
kwi 27, 2021 6:56:31 PM com.ad.sudoku.model.SudokuField setValue
INFO: SudokuField changed value from 3 to 5
kwi 27, 2021 6:56:31 PM com.ad.sudoku.model.SudokuField setValue
INFO: SudokuField changed value from 5 to 8
kwi 27, 2021 6:56:31 PM com.ad.sudoku.model.SudokuField setValue
INFO: SudokuField changed value from 8 to 6
kwi 27, 2021 6:56:31 PM com.ad.sudoku.model.SudokuField setValue
INFO: SudokuField changed value from 6 to 9
kwi 27, 2021 6:56:31 PM com.ad.sudoku.model.SudokuField setValue
INFO: SudokuField changed value from 9 to 7
kwi 27, 2021 6:56:31 PM com.ad.sudoku.model.SudokuField setValue
INFO: SudokuField changed value from 7 to 4
kwi 27, 2021 6:56:31 PM com.ad.sudoku.model.SudokuField setValue
INFO: SudokuField changed value from 4 to 1
kwi 27, 2021 6:56:31 PM com.ad.sudoku.model.SudokuField setValue
INFO: SudokuField changed value from 1 to 0
kwi 27, 2021 6:56:31 PM com.ad.sudoku.model.SudokuField setValue
INFO: SudokuField changed value from 8 to 4
kwi 27, 2021 6:56:31 PM com.ad.sudoku.model.SudokuField setValue
INFO: SudokuField changed value from 4 to 6
kwi 27, 2021 6:56:31 PM com.ad.sudoku.model.SudokuField setValue
INFO: SudokuField changed value from 6 to 9
kwi 27, 2021 6:56:31 PM com.ad.sudoku.model.SudokuField setValue
INFO: SudokuField changed value from 9 to 3
kwi 27, 2021 6:56:31 PM com.ad.sudoku.model.SudokuField setValue
INFO: SudokuField changed value from 3 to 2
kwi 27, 2021 6:56:31 PM com.ad.sudoku.model.SudokuField setValue
INFO: SudokuField changed value from 2 to 5
kwi 27, 2021 6:56:31 PM com.ad.sudoku.model.SudokuField setValue
INFO: SudokuField changed value from 5 to 1
kwi 27, 2021 6:56:31 PM com.ad.sudoku.model.SudokuField setValue
INFO: SudokuField changed value from 1 to 0
kwi 27, 2021 6:56:31 PM com.ad.sudoku.model.SudokuField setValue
INFO: SudokuField changed value from 9 to 8
kwi 27, 2021 6:56:31 PM com.ad.sudoku.model.SudokuField setValue
INFO: SudokuField changed value from 8 to 0
kwi 27, 2021 6:56:31 PM com.ad.sudoku.model.SudokuField setValue
INFO: SudokuField changed value from 4 to 1
kwi 27, 2021 6:56:31 PM com.ad.sudoku.model.SudokuField setValue
INFO: SudokuField changed value from 1 to 2
kwi 27, 2021 6:56:31 PM com.ad.sudoku.model.SudokuField setValue
INFO: SudokuField changed value from 2 to 8
kwi 27, 2021 6:56:31 PM com.ad.sudoku.model.SudokuField setValue
INFO: SudokuField changed value from 8 to 6
kwi 27, 2021 6:56:31 PM com.ad.sudoku.model.SudokuField setValue
INFO: SudokuField changed value from 6 to 7
kwi 27, 2021 6:56:31 PM com.ad.sudoku.model.SudokuField setValue
INFO: SudokuField changed value from 7 to 5
kwi 27, 2021 6:56:31 PM com.ad.sudoku.model.SudokuField setValue
INFO: SudokuField changed value from 5 to 9
kwi 27, 2021 6:56:31 PM com.ad.sudoku.model.SudokuField setValue
INFO: SudokuField changed value from 9 to 0
kwi 27, 2021 6:56:31 PM com.ad.sudoku.model.SudokuField setValue
INFO: SudokuField changed value from 2 to 8
kwi 27, 2021 6:56:31 PM com.ad.sudoku.model.SudokuField setValue
INFO: SudokuField changed value from 8 to 1
kwi 27, 2021 6:56:31 PM com.ad.sudoku.model.SudokuField setValue
INFO: SudokuField changed value from 0 to 9
kwi 27, 2021 6:56:31 PM com.ad.sudoku.model.SudokuField setValue
INFO: SudokuField changed value from 9 to 2
kwi 27, 2021 6:56:31 PM com.ad.sudoku.model.SudokuField setValue
INFO: SudokuField changed value from 2 to 1
kwi 27, 2021 6:56:31 PM com.ad.sudoku.model.SudokuField setValue
INFO: SudokuField changed value from 1 to 7
kwi 27, 2021 6:56:31 PM com.ad.sudoku.model.SudokuField setValue
INFO: SudokuField changed value from 7 to 5
kwi 27, 2021 6:56:31 PM com.ad.sudoku.model.SudokuField setValue
INFO: SudokuField changed value from 5 to 8
kwi 27, 2021 6:56:31 PM com.ad.sudoku.model.SudokuField setValue
INFO: SudokuField changed value from 8 to 6
kwi 27, 2021 6:56:31 PM com.ad.sudoku.model.SudokuField setValue
INFO: SudokuField changed value from 6 to 3
kwi 27, 2021 6:56:31 PM com.ad.sudoku.model.SudokuField setValue
INFO: SudokuField changed value from 3 to 4
kwi 27, 2021 6:56:31 PM com.ad.sudoku.model.SudokuField setValue
INFO: SudokuField changed value from 0 to 4
kwi 27, 2021 6:56:31 PM com.ad.sudoku.model.SudokuField setValue
INFO: SudokuField changed value from 4 to 9
kwi 27, 2021 6:56:31 PM com.ad.sudoku.model.SudokuField setValue
INFO: SudokuField changed value from 0 to 3
kwi 27, 2021 6:56:31 PM com.ad.sudoku.model.SudokuField setValue
INFO: SudokuField changed value from 3 to 4
kwi 27, 2021 6:56:31 PM com.ad.sudoku.model.SudokuField setValue
INFO: SudokuField changed value from 4 to 2
kwi 27, 2021 6:56:31 PM com.ad.sudoku.model.SudokuField setValue
INFO: SudokuField changed value from 2 to 8
kwi 27, 2021 6:56:31 PM com.ad.sudoku.model.SudokuField setValue
INFO: SudokuField changed value from 0 to 8
kwi 27, 2021 6:56:31 PM com.ad.sudoku.model.SudokuField setValue
INFO: SudokuField changed value from 8 to 2
kwi 27, 2021 6:56:31 PM com.ad.sudoku.model.SudokuField setValue
INFO: SudokuField changed value from 2 to 5
kwi 27, 2021 6:56:31 PM com.ad.sudoku.model.SudokuField setValue
INFO: SudokuField changed value from 5 to 1
kwi 27, 2021 6:56:31 PM com.ad.sudoku.model.SudokuField setValue
INFO: SudokuField changed value from 1 to 4
kwi 27, 2021 6:56:31 PM com.ad.sudoku.model.SudokuField setValue
INFO: SudokuField changed value from 4 to 7
kwi 27, 2021 6:56:31 PM com.ad.sudoku.model.SudokuField setValue
INFO: SudokuField changed value from 7 to 6
kwi 27, 2021 6:56:31 PM com.ad.sudoku.model.SudokuField setValue
INFO: SudokuField changed value from 6 to 3
kwi 27, 2021 6:56:31 PM com.ad.sudoku.model.SudokuField setValue
INFO: SudokuField changed value from 3 to 9
kwi 27, 2021 6:56:31 PM com.ad.sudoku.model.SudokuField setValue
INFO: SudokuField changed value from 9 to 0
kwi 27, 2021 6:56:31 PM com.ad.sudoku.model.SudokuField setValue
INFO: SudokuField changed value from 8 to 1
kwi 27, 2021 6:56:31 PM com.ad.sudoku.model.SudokuField setValue
INFO: SudokuField changed value from 1 to 6
kwi 27, 2021 6:56:31 PM com.ad.sudoku.model.SudokuField setValue
INFO: SudokuField changed value from 6 to 5
kwi 27, 2021 6:56:31 PM com.ad.sudoku.model.SudokuField setValue
INFO: SudokuField changed value from 5 to 9
kwi 27, 2021 6:56:31 PM com.ad.sudoku.model.SudokuField setValue
INFO: SudokuField changed value from 9 to 7
kwi 27, 2021 6:56:31 PM com.ad.sudoku.model.SudokuField setValue
INFO: SudokuField changed value from 7 to 0
kwi 27, 2021 6:56:31 PM com.ad.sudoku.model.SudokuField setValue
INFO: SudokuField changed value from 9 to 7
kwi 27, 2021 6:56:31 PM com.ad.sudoku.model.SudokuField setValue
INFO: SudokuField changed value from 7 to 8
kwi 27, 2021 6:56:31 PM com.ad.sudoku.model.SudokuField setValue
[...]
kwi 27, 2021 6:56:31 PM com.ad.sudoku.model.SudokuField setValue
INFO: SudokuField changed value from 7 to 0
kwi 27, 2021 6:56:31 PM com.ad.sudoku.model.SudokuField setValue
INFO: SudokuField changed value from 8 to 4
kwi 27, 2021 6:56:31 PM com.ad.sudoku.model.SudokuField setValue
INFO: SudokuField changed value from 4 to 2
kwi 27, 2021 6:56:31 PM com.ad.sudoku.model.SudokuField setValue
INFO: SudokuField changed value from 2 to 3
kwi 27, 2021 6:56:31 PM com.ad.sudoku.model.SudokuField setValue
INFO: SudokuField changed value from 3 to 5
kwi 27, 2021 6:56:31 PM com.ad.sudoku.model.SudokuField setValue
INFO: SudokuField changed value from 5 to 6
kwi 27, 2021 6:56:31 PM com.ad.sudoku.model.SudokuField setValue
INFO: SudokuField changed value from 6 to 9
kwi 27, 2021 6:56:31 PM com.ad.sudoku.model.SudokuField setValue
INFO: SudokuField changed value from 0 to 5
kwi 27, 2021 6:56:31 PM com.ad.sudoku.model.SudokuField setValue
INFO: SudokuField changed value from 5 to 6
kwi 27, 2021 6:56:31 PM com.ad.sudoku.model.SudokuField setValue
INFO: SudokuField changed value from 6 to 9
kwi 27, 2021 6:56:31 PM com.ad.sudoku.model.SudokuField setValue
INFO: SudokuField changed value from 9 to 1
kwi 27, 2021 6:56:31 PM com.ad.sudoku.model.SudokuField setValue
INFO: SudokuField changed value from 1 to 7
kwi 27, 2021 6:56:31 PM com.ad.sudoku.model.SudokuField setValue
INFO: SudokuField changed value from 7 to 3
kwi 27, 2021 6:56:31 PM com.ad.sudoku.model.SudokuField setValue
INFO: SudokuField changed value from 3 to 2
kwi 27, 2021 6:56:31 PM com.ad.sudoku.model.SudokuField setValue
INFO: SudokuField changed value from 2 to 8
kwi 27, 2021 6:56:31 PM com.ad.sudoku.model.SudokuField setValue
INFO: SudokuField changed value from 8 to 4
kwi 27, 2021 6:56:31 PM com.ad.sudoku.model.SudokuField setValue
INFO: SudokuField changed value from 4 to 0
kwi 27, 2021 6:56:31 PM com.ad.sudoku.model.SudokuField setValue
INFO: SudokuField changed value from 9 to 7
kwi 27, 2021 6:56:31 PM com.ad.sudoku.model.SudokuField setValue
INFO: SudokuField changed value from 7 to 0
kwi 27, 2021 6:56:31 PM com.ad.sudoku.model.SudokuField setValue
INFO: SudokuField changed value from 7 to 9
kwi 27, 2021 6:56:31 PM com.ad.sudoku.model.SudokuField setValue
INFO: SudokuField changed value from 9 to 3
kwi 27, 2021 6:56:31 PM com.ad.sudoku.model.SudokuField setValue
INFO: SudokuField changed value from 3 to 2
kwi 27, 2021 6:56:31 PM com.ad.sudoku.model.SudokuField setValue
INFO: SudokuField changed value from 2 to 4
kwi 27, 2021 6:56:31 PM com.ad.sudoku.model.SudokuField setValue
INFO: SudokuField changed value from 0 to 2
kwi 27, 2021 6:56:31 PM com.ad.sudoku.model.SudokuField setValue
INFO: SudokuField changed value from 2 to 3
kwi 27, 2021 6:56:31 PM com.ad.sudoku.model.SudokuField setValue
INFO: SudokuField changed value from 3 to 1
kwi 27, 2021 6:56:31 PM com.ad.sudoku.model.SudokuField setValue
INFO: SudokuField changed value from 1 to 7
kwi 27, 2021 6:56:31 PM com.ad.sudoku.model.SudokuField setValue
INFO: SudokuField changed value from 7 to 9
kwi 27, 2021 6:56:31 PM com.ad.sudoku.model.SudokuField setValue
INFO: SudokuField changed value from 0 to 3
kwi 27, 2021 6:56:31 PM com.ad.sudoku.model.SudokuField setValue
INFO: SudokuField changed value from 3 to 8
kwi 27, 2021 6:56:31 PM com.ad.sudoku.model.SudokuField setValue
INFO: SudokuField changed value from 8 to 5
kwi 27, 2021 6:56:31 PM com.ad.sudoku.model.SudokuField setValue
INFO: SudokuField changed value from 5 to 9
kwi 27, 2021 6:56:31 PM com.ad.sudoku.model.SudokuField setValue
INFO: SudokuField changed value from 9 to 1
kwi 27, 2021 6:56:31 PM com.ad.sudoku.model.SudokuField setValue
INFO: SudokuField changed value from 1 to 7
kwi 27, 2021 6:56:31 PM com.ad.sudoku.model.SudokuField setValue
INFO: SudokuField changed value from 7 to 2
kwi 27, 2021 6:56:31 PM com.ad.sudoku.model.SudokuField setValue
INFO: SudokuField changed value from 2 to 4
kwi 27, 2021 6:56:31 PM com.ad.sudoku.model.SudokuField setValue
INFO: SudokuField changed value from 4 to 6
kwi 27, 2021 6:56:31 PM com.ad.sudoku.model.SudokuField setValue
INFO: SudokuField changed value from 6 to 0
kwi 27, 2021 6:56:31 PM com.ad.sudoku.model.SudokuField setValue
INFO: SudokuField changed value from 9 to 8
kwi 27, 2021 6:56:31 PM com.ad.sudoku.model.SudokuField setValue
INFO: SudokuField changed value from 0 to 4
kwi 27, 2021 6:56:31 PM com.ad.sudoku.model.SudokuField setValue
INFO: SudokuField changed value from 4 to 8
kwi 27, 2021 6:56:31 PM com.ad.sudoku.model.SudokuField setValue
INFO: SudokuField changed value from 8 to 3
kwi 27, 2021 6:56:31 PM com.ad.sudoku.model.SudokuField setValue
INFO: SudokuField changed value from 3 to 2
kwi 27, 2021 6:56:31 PM com.ad.sudoku.model.SudokuField setValue
INFO: SudokuField changed value from 2 to 1
kwi 27, 2021 6:56:31 PM com.ad.sudoku.model.SudokuField setValue
INFO: SudokuField changed value from 1 to 6
kwi 27, 2021 6:56:31 PM com.ad.sudoku.model.SudokuField setValue
INFO: SudokuField changed value from 6 to 7
kwi 27, 2021 6:56:31 PM com.ad.sudoku.model.SudokuField setValue
INFO: SudokuField changed value from 7 to 5
kwi 27, 2021 6:56:31 PM com.ad.sudoku.model.SudokuField setValue
INFO: SudokuField changed value from 5 to 9
kwi 27, 2021 6:56:31 PM com.ad.sudoku.model.SudokuField setValue
INFO: SudokuField changed value from 9 to 0
kwi 27, 2021 6:56:31 PM com.ad.sudoku.model.SudokuField setValue
INFO: SudokuField changed value from 8 to 4
kwi 27, 2021 6:56:31 PM com.ad.sudoku.model.SudokuField setValue
INFO: SudokuField changed value from 4 to 5
kwi 27, 2021 6:56:31 PM com.ad.sudoku.model.SudokuField setValue
INFO: SudokuField changed value from 5 to 6
kwi 27, 2021 6:56:31 PM com.ad.sudoku.model.SudokuField setValue
INFO: SudokuField changed value from 6 to 0
kwi 27, 2021 6:56:31 PM com.ad.sudoku.model.SudokuField setValue
INFO: SudokuField changed value from 4 to 1
kwi 27, 2021 6:56:31 PM com.ad.sudoku.model.SudokuField setValue
INFO: SudokuField changed value from 1 to 8
kwi 27, 2021 6:56:31 PM com.ad.sudoku.model.SudokuField setValue
INFO: SudokuField changed value from 8 to 0
kwi 27, 2021 6:56:31 PM com.ad.sudoku.model.SudokuField setValue
INFO: SudokuField changed value from 5 to 0
kwi 27, 2021 6:56:31 PM com.ad.sudoku.model.SudokuField setValue
INFO: SudokuField changed value from 2 to 4
kwi 27, 2021 6:56:31 PM com.ad.sudoku.model.SudokuField setValue
INFO: SudokuField changed value from 4 to 0
kwi 27, 2021 6:56:31 PM com.ad.sudoku.model.SudokuField setValue
INFO: SudokuField changed value from 3 to 7
kwi 27, 2021 6:56:31 PM com.ad.sudoku.model.SudokuField setValue
INFO: SudokuField changed value from 7 to 1
kwi 27, 2021 6:56:31 PM com.ad.sudoku.model.SudokuField setValue
INFO: SudokuField changed value from 1 to 2
kwi 27, 2021 6:56:31 PM com.ad.sudoku.model.SudokuField setValue
INFO: SudokuField changed value from 2 to 6
kwi 27, 2021 6:56:31 PM com.ad.sudoku.model.SudokuField setValue
INFO: SudokuField changed value from 6 to 5
kwi 27, 2021 6:56:31 PM com.ad.sudoku.model.SudokuField setValue
INFO: SudokuField changed value from 0 to 2
kwi 27, 2021 6:56:31 PM com.ad.sudoku.model.SudokuField setValue
INFO: SudokuField changed value from 0 to 5
kwi 27, 2021 6:56:31 PM com.ad.sudoku.model.SudokuField setValue
INFO: SudokuField changed value from 5 to 8
kwi 27, 2021 6:56:31 PM com.ad.sudoku.model.SudokuField setValue
INFO: SudokuField changed value from 8 to 6
kwi 27, 2021 6:56:31 PM com.ad.sudoku.model.SudokuField setValue
INFO: SudokuField changed value from 6 to 3
kwi 27, 2021 6:56:31 PM com.ad.sudoku.model.SudokuField setValue
INFO: SudokuField changed value from 3 to 9
kwi 27, 2021 6:56:31 PM com.ad.sudoku.model.SudokuField setValue
INFO: SudokuField changed value from 0 to 5
kwi 27, 2021 6:56:31 PM com.ad.sudoku.model.SudokuField setValue
INFO: SudokuField changed value from 5 to 1
kwi 27, 2021 6:56:31 PM com.ad.sudoku.model.SudokuField setValue
INFO: SudokuField changed value from 1 to 8
kwi 27, 2021 6:56:31 PM com.ad.sudoku.model.SudokuField setValue
INFO: SudokuField changed value from 8 to 2
kwi 27, 2021 6:56:31 PM com.ad.sudoku.model.SudokuField setValue
INFO: SudokuField changed value from 2 to 3
kwi 27, 2021 6:56:31 PM com.ad.sudoku.model.SudokuField setValue
INFO: SudokuField changed value from 3 to 7
kwi 27, 2021 6:56:31 PM com.ad.sudoku.model.SudokuField setValue
INFO: SudokuField changed value from 0 to 1
kwi 27, 2021 6:56:31 PM com.ad.sudoku.model.SudokuField setValue
INFO: SudokuField changed value from 1 to 2
kwi 27, 2021 6:56:31 PM com.ad.sudoku.model.SudokuField setValue
INFO: SudokuField changed value from 2 to 7
kwi 27, 2021 6:56:31 PM com.ad.sudoku.model.SudokuField setValue
INFO: SudokuField changed value from 7 to 4
kwi 27, 2021 6:56:31 PM com.ad.sudoku.model.SudokuField setValue
INFO: SudokuField changed value from 4 to 3
kwi 27, 2021 6:56:31 PM com.ad.sudoku.model.SudokuField setValue
INFO: SudokuField changed value from 3 to 9
kwi 27, 2021 6:56:31 PM com.ad.sudoku.model.SudokuField setValue
INFO: SudokuField changed value from 9 to 5
kwi 27, 2021 6:56:31 PM com.ad.sudoku.model.SudokuField setValue
INFO: SudokuField changed value from 5 to 8
kwi 27, 2021 6:56:31 PM com.ad.sudoku.model.SudokuField setValue
INFO: SudokuField changed value from 0 to 7
kwi 27, 2021 6:56:31 PM com.ad.sudoku.model.SudokuField setValue
INFO: SudokuField changed value from 7 to 1
kwi 27, 2021 6:56:31 PM com.ad.sudoku.model.SudokuField setValue
INFO: SudokuField changed value from 1 to 3
kwi 27, 2021 6:56:31 PM com.ad.sudoku.model.SudokuField setValue
INFO: SudokuField changed value from 0 to 9
kwi 27, 2021 6:56:31 PM com.ad.sudoku.model.SudokuField setValue
INFO: SudokuField changed value from 9 to 5
kwi 27, 2021 6:56:31 PM com.ad.sudoku.model.SudokuField setValue
INFO: SudokuField changed value from 5 to 3
kwi 27, 2021 6:56:31 PM com.ad.sudoku.model.SudokuField setValue
INFO: SudokuField changed value from 3 to 4
kwi 27, 2021 6:56:31 PM com.ad.sudoku.model.SudokuField setValue
INFO: SudokuField changed value from 0 to 5
kwi 27, 2021 6:56:31 PM com.ad.sudoku.model.SudokuField setValue
INFO: SudokuField changed value from 5 to 8
kwi 27, 2021 6:56:31 PM com.ad.sudoku.model.SudokuField setValue
INFO: SudokuField changed value from 8 to 4
kwi 27, 2021 6:56:31 PM com.ad.sudoku.model.SudokuField setValue
INFO: SudokuField changed value from 4 to 9
kwi 27, 2021 6:56:31 PM com.ad.sudoku.model.SudokuField setValue
INFO: SudokuField changed value from 0 to 5
kwi 27, 2021 6:56:31 PM com.ad.sudoku.model.SudokuField setValue
INFO: SudokuField changed value from 5 to 2
kwi 27, 2021 6:56:31 PM com.ad.sudoku.model.SudokuField setValue
INFO: SudokuField changed value from 0 to 1
kwi 27, 2021 6:56:31 PM com.ad.sudoku.model.SudokuField setValue
INFO: SudokuField changed value from 1 to 6
kwi 27, 2021 6:56:31 PM com.ad.sudoku.model.SudokuField setValue
INFO: SudokuField changed value from 6 to 5
kwi 27, 2021 6:56:31 PM com.ad.sudoku.model.SudokuField setValue
INFO: SudokuField changed value from 5 to 3
kwi 27, 2021 6:56:31 PM com.ad.sudoku.model.SudokuField setValue
INFO: SudokuField changed value from 0 to 1
kwi 27, 2021 6:56:31 PM com.ad.sudoku.model.SudokuField setValue
INFO: SudokuField changed value from 1 to 8
kwi 27, 2021 6:56:31 PM com.ad.sudoku.model.SudokuField setValue
INFO: SudokuField changed value from 0 to 1
kwi 27, 2021 6:56:31 PM com.ad.sudoku.model.SudokuField setValue
INFO: SudokuField changed value from 0 to 1
kwi 27, 2021 6:56:31 PM com.ad.sudoku.model.SudokuField setValue
INFO: SudokuField changed value from 1 to 8
kwi 27, 2021 6:56:31 PM com.ad.sudoku.model.SudokuField setValue
INFO: SudokuField changed value from 8 to 5
kwi 27, 2021 6:56:31 PM com.ad.sudoku.model.SudokuField setValue
INFO: SudokuField changed value from 5 to 6
kwi 27, 2021 6:56:31 PM com.ad.sudoku.model.SudokuField setValue
INFO: SudokuField changed value from 0 to 5
kwi 27, 2021 6:56:31 PM com.ad.sudoku.model.SudokuField setValue
INFO: SudokuField changed value from 0 to 3
kwi 27, 2021 6:56:31 PM com.ad.sudoku.model.SudokuField setValue
INFO: SudokuField changed value from 3 to 7
kwi 27, 2021 6:56:31 PM com.ad.sudoku.model.SudokuField setValue
INFO: SudokuField changed value from 7 to 2
kwi 27, 2021 6:56:31 PM com.ad.sudoku.model.SudokuField setValue
INFO: SudokuField changed value from 2 to 6
kwi 27, 2021 6:56:31 PM com.ad.sudoku.model.SudokuField setValue
INFO: SudokuField changed value from 6 to 1
kwi 27, 2021 6:56:31 PM com.ad.sudoku.model.SudokuField setValue
INFO: SudokuField changed value from 1 to 9
kwi 27, 2021 6:56:31 PM com.ad.sudoku.model.SudokuField setValue
INFO: SudokuField changed value from 9 to 5
kwi 27, 2021 6:56:31 PM com.ad.sudoku.model.SudokuField setValue
INFO: SudokuField changed value from 5 to 8
kwi 27, 2021 6:56:31 PM com.ad.sudoku.model.SudokuField setValue
INFO: SudokuField changed value from 8 to 4
kwi 27, 2021 6:56:31 PM com.ad.sudoku.model.SudokuField setValue
INFO: SudokuField changed value from 4 to 0
kwi 27, 2021 6:56:31 PM com.ad.sudoku.model.SudokuField setValue
INFO: SudokuField changed value from 5 to 2
kwi 27, 2021 6:56:31 PM com.ad.sudoku.model.SudokuField setValue
INFO: SudokuField changed value from 2 to 7
kwi 27, 2021 6:56:31 PM com.ad.sudoku.model.SudokuField setValue
INFO: SudokuField changed value from 7 to 9
kwi 27, 2021 6:56:31 PM com.ad.sudoku.model.SudokuField setValue
INFO: SudokuField changed value from 9 to 3
kwi 27, 2021 6:56:31 PM com.ad.sudoku.model.SudokuField setValue
INFO: SudokuField changed value from 3 to 8
kwi 27, 2021 6:56:31 PM com.ad.sudoku.model.SudokuField setValue
INFO: SudokuField changed value from 8 to 6
kwi 27, 2021 6:56:31 PM com.ad.sudoku.model.SudokuField setValue
INFO: SudokuField changed value from 6 to 1
kwi 27, 2021 6:56:31 PM com.ad.sudoku.model.SudokuField setValue
INFO: SudokuField changed value from 1 to 4
kwi 27, 2021 6:56:31 PM com.ad.sudoku.model.SudokuField setValue
INFO: SudokuField changed value from 4 to 0
kwi 27, 2021 6:56:31 PM com.ad.sudoku.model.SudokuField setValue
INFO: SudokuField changed value from 6 to 9
kwi 27, 2021 6:56:31 PM com.ad.sudoku.model.SudokuField setValue
INFO: SudokuField changed value from 9 to 4
kwi 27, 2021 6:56:31 PM com.ad.sudoku.model.SudokuField setValue
INFO: SudokuField changed value from 0 to 6
kwi 27, 2021 6:56:31 PM com.ad.sudoku.model.SudokuField setValue
INFO: SudokuField changed value from 6 to 7
kwi 27, 2021 6:56:31 PM com.ad.sudoku.model.SudokuField setValue
INFO: SudokuField changed value from 7 to 5
kwi 27, 2021 6:56:31 PM com.ad.sudoku.model.SudokuField setValue
INFO: SudokuField changed value from 0 to 6
kwi 27, 2021 6:56:31 PM com.ad.sudoku.model.SudokuField setValue
INFO: SudokuField changed value from 0 to 9
kwi 27, 2021 6:56:31 PM com.ad.sudoku.model.SudokuField setValue
INFO: SudokuField changed value from 9 to 8
kwi 27, 2021 6:56:31 PM com.ad.sudoku.model.SudokuField setValue
INFO: SudokuField changed value from 8 to 6
kwi 27, 2021 6:56:31 PM com.ad.sudoku.model.SudokuField setValue
INFO: SudokuField changed value from 6 to 2
kwi 27, 2021 6:56:31 PM com.ad.sudoku.model.SudokuField setValue
INFO: SudokuField changed value from 2 to 5
kwi 27, 2021 6:56:31 PM com.ad.sudoku.model.SudokuField setValue
INFO: SudokuField changed value from 5 to 1
kwi 27, 2021 6:56:31 PM com.ad.sudoku.model.SudokuField setValue
INFO: SudokuField changed value from 1 to 4
kwi 27, 2021 6:56:31 PM com.ad.sudoku.model.SudokuField setValue
INFO: SudokuField changed value from 4 to 3
kwi 27, 2021 6:56:31 PM com.ad.sudoku.model.SudokuField setValue
INFO: SudokuField changed value from 3 to 7
kwi 27, 2021 6:56:31 PM com.ad.sudoku.model.SudokuField setValue
INFO: SudokuField changed value from 0 to 1
kwi 27, 2021 6:56:31 PM com.ad.sudoku.model.SudokuField setValue
INFO: SudokuField changed value from 1 to 4
kwi 27, 2021 6:56:31 PM com.ad.sudoku.model.SudokuField setValue
INFO: SudokuField changed value from 4 to 9
kwi 27, 2021 6:56:31 PM com.ad.sudoku.model.SudokuField setValue
INFO: SudokuField changed value from 9 to 5
kwi 27, 2021 6:56:31 PM com.ad.sudoku.model.SudokuField setValue
INFO: SudokuField changed value from 5 to 6
kwi 27, 2021 6:56:31 PM com.ad.sudoku.model.SudokuField setValue
INFO: SudokuField changed value from 6 to 2
kwi 27, 2021 6:56:31 PM com.ad.sudoku.model.SudokuField setValue
INFO: SudokuField changed value from 2 to 3
kwi 27, 2021 6:56:31 PM com.ad.sudoku.model.SudokuField setValue
INFO: SudokuField changed value from 3 to 7
kwi 27, 2021 6:56:31 PM com.ad.sudoku.model.SudokuField setValue
INFO: SudokuField changed value from 0 to 3
kwi 27, 2021 6:56:31 PM com.ad.sudoku.model.SudokuField setValue
INFO: SudokuField changed value from 3 to 1
kwi 27, 2021 6:56:31 PM com.ad.sudoku.model.SudokuField setValue
INFO: SudokuField changed value from 1 to 4
kwi 27, 2021 6:56:31 PM com.ad.sudoku.model.SudokuField setValue
INFO: SudokuField changed value from 4 to 8
kwi 27, 2021 6:56:31 PM com.ad.sudoku.model.SudokuField setValue
INFO: SudokuField changed value from 0 to 7
kwi 27, 2021 6:56:31 PM com.ad.sudoku.model.SudokuField setValue
INFO: SudokuField changed value from 7 to 9
kwi 27, 2021 6:56:31 PM com.ad.sudoku.model.SudokuField setValue
INFO: SudokuField changed value from 9 to 4
kwi 27, 2021 6:56:31 PM com.ad.sudoku.model.SudokuField setValue
INFO: SudokuField changed value from 0 to 5
kwi 27, 2021 6:56:31 PM com.ad.sudoku.model.SudokuField setValue
INFO: SudokuField changed value from 5 to 1
kwi 27, 2021 6:56:31 PM com.ad.sudoku.model.SudokuField setValue
INFO: SudokuField changed value from 1 to 7
kwi 27, 2021 6:56:31 PM com.ad.sudoku.model.SudokuField setValue
INFO: SudokuField changed value from 7 to 8
kwi 27, 2021 6:56:31 PM com.ad.sudoku.model.SudokuField setValue
INFO: SudokuField changed value from 8 to 9
kwi 27, 2021 6:56:31 PM com.ad.sudoku.model.SudokuField setValue
INFO: SudokuField changed value from 9 to 2
kwi 27, 2021 6:56:31 PM com.ad.sudoku.model.SudokuField setValue
INFO: SudokuField changed value from 2 to 6
kwi 27, 2021 6:56:31 PM com.ad.sudoku.model.SudokuField setValue
INFO: SudokuField changed value from 6 to 4
kwi 27, 2021 6:56:31 PM com.ad.sudoku.model.SudokuField setValue
INFO: SudokuField changed value from 4 to 3
kwi 27, 2021 6:56:31 PM com.ad.sudoku.model.SudokuField setValue
INFO: SudokuField changed value from 0 to 2
kwi 27, 2021 6:56:31 PM com.ad.sudoku.model.SudokuField setValue
INFO: SudokuField changed value from 2 to 5
kwi 27, 2021 6:56:31 PM com.ad.sudoku.model.SudokuField setValue
INFO: SudokuField changed value from 0 to 8
kwi 27, 2021 6:56:31 PM com.ad.sudoku.model.SudokuField setValue
INFO: SudokuField changed value from 8 to 6
kwi 27, 2021 6:56:31 PM com.ad.sudoku.model.SudokuField setValue
INFO: SudokuField changed value from 0 to 5
kwi 27, 2021 6:56:31 PM com.ad.sudoku.model.SudokuField setValue
INFO: SudokuField changed value from 5 to 7
kwi 27, 2021 6:56:31 PM com.ad.sudoku.model.SudokuField setValue
INFO: SudokuField changed value from 7 to 3
kwi 27, 2021 6:56:31 PM com.ad.sudoku.model.SudokuField setValue
INFO: SudokuField changed value from 3 to 1
kwi 27, 2021 6:56:31 PM com.ad.sudoku.model.SudokuField setValue
INFO: SudokuField changed value from 1 to 2
kwi 27, 2021 6:56:31 PM com.ad.sudoku.model.SudokuField setValue
INFO: SudokuField changed value from 2 to 8
kwi 27, 2021 6:56:31 PM com.ad.sudoku.model.SudokuField setValue
INFO: SudokuField changed value from 8 to 9
kwi 27, 2021 6:56:31 PM com.ad.sudoku.model.SudokuField setValue
INFO: SudokuField changed value from 0 to 1
kwi 27, 2021 6:56:31 PM com.ad.sudoku.model.SudokuField setValue
INFO: SudokuField changed value from 0 to 6
kwi 27, 2021 6:56:31 PM com.ad.sudoku.model.SudokuField setValue
INFO: SudokuField changed value from 6 to 5
kwi 27, 2021 6:56:31 PM com.ad.sudoku.model.SudokuField setValue
INFO: SudokuField changed value from 5 to 8
kwi 27, 2021 6:56:31 PM com.ad.sudoku.model.SudokuField setValue
INFO: SudokuField changed value from 8 to 2
]]></system-err>
  </testcase>
</testsuite>